[2024-11-20 12:48:58,508: INFO: common: yaml file: config\config.yaml loaded successfully]
[2024-11-20 12:48:58,511: INFO: common: yaml file: params.yaml loaded successfully]
[2024-11-20 12:49:26,024: INFO: common: yaml file: config\config.yaml loaded successfully]
[2024-11-20 12:49:26,026: INFO: common: yaml file: params.yaml loaded successfully]
[2024-11-20 12:49:26,027: INFO: common: yaml file: schema.yaml loaded successfully]
[2024-11-20 12:49:26,029: INFO: common: created directory at: artifacts]
[2024-11-20 12:49:26,030: INFO: common: created directory at: artifacts/data_ingestion]
[2024-11-20 12:51:45,754: INFO: common: yaml file: config\config.yaml loaded successfully]
[2024-11-20 12:51:45,764: INFO: common: yaml file: params.yaml loaded successfully]
[2024-11-20 12:51:45,765: INFO: common: yaml file: schema.yaml loaded successfully]
[2024-11-20 12:51:45,766: INFO: common: created directory at: artifacts]
[2024-11-20 12:51:45,767: INFO: common: created directory at: artifacts/data_ingestion]
[2024-11-20 14:08:00,263: INFO: common: yaml file: config\config.yaml loaded successfully]
[2024-11-20 14:08:00,281: INFO: common: yaml file: params.yaml loaded successfully]
[2024-11-20 14:08:00,283: INFO: common: yaml file: schema.yaml loaded successfully]
[2024-11-20 14:08:00,286: INFO: common: created directory at: artifacts]
[2024-11-20 14:08:00,286: INFO: common: created directory at: artifacts/data_ingestion]
[2024-11-20 14:37:41,964: INFO: common: yaml file: config\config.yaml loaded successfully]
[2024-11-20 14:37:41,968: INFO: common: yaml file: params.yaml loaded successfully]
[2024-11-20 14:37:41,969: INFO: common: yaml file: schema.yaml loaded successfully]
[2024-11-20 14:37:41,969: INFO: common: created directory at: artifacts]
[2024-11-20 14:37:41,970: INFO: common: created directory at: artifacts/data_ingestion]
[2024-11-23 22:13:02,225: INFO: common: yaml file: config\config.yaml loaded successfully]
[2024-11-23 22:13:02,227: INFO: common: yaml file: params.yaml loaded successfully]
[2024-11-23 22:13:02,229: INFO: common: yaml file: schema.yaml loaded successfully]
[2024-11-23 22:13:02,230: INFO: common: created directory at: artifacts]
[2024-11-23 22:13:02,230: INFO: common: created directory at: artifacts/data_ingestion]
[2024-11-24 11:46:54,342: INFO: common: yaml file: config\config.yaml loaded successfully]
[2024-11-24 11:46:54,347: INFO: common: yaml file: params.yaml loaded successfully]
[2024-11-24 11:46:54,354: INFO: common: yaml file: schema.yaml loaded successfully]
[2024-11-24 11:46:54,354: INFO: common: created directory at: artifacts]
[2024-11-24 11:46:54,355: INFO: common: created directory at: artifacts/data_ingestion]
[2024-12-02 17:57:24,632: INFO: common: yaml file: config\config.yaml loaded successfully]
[2024-12-02 17:57:24,639: INFO: common: yaml file: params.yaml loaded successfully]
[2024-12-02 17:57:24,652: INFO: common: yaml file: schema.yaml loaded successfully]
[2024-12-02 17:57:24,654: INFO: common: created directory at: artifacts]
[2024-12-02 17:57:24,655: INFO: common: created directory at: artifacts/data_ingestion]
[2024-12-02 18:25:43,483: INFO: common: yaml file: config\config.yaml loaded successfully]
[2024-12-02 18:25:43,490: INFO: common: yaml file: params.yaml loaded successfully]
[2024-12-02 18:25:43,493: INFO: common: yaml file: schema.yaml loaded successfully]
[2024-12-02 18:25:43,494: INFO: common: created directory at: artifacts]
[2024-12-02 18:25:43,495: INFO: common: created directory at: artifacts/data_ingestion]
[2024-12-02 18:25:45,929: INFO: common: yaml file: config\config.yaml loaded successfully]
[2024-12-02 18:25:45,932: INFO: common: yaml file: params.yaml loaded successfully]
[2024-12-02 18:25:45,934: INFO: common: yaml file: schema.yaml loaded successfully]
[2024-12-02 18:25:45,934: INFO: common: created directory at: artifacts]
[2024-12-02 19:09:06,161: INFO: common: yaml file: config\config.yaml loaded successfully]
[2024-12-02 19:09:06,168: INFO: common: yaml file: params.yaml loaded successfully]
[2024-12-02 19:09:06,170: INFO: common: yaml file: schema.yaml loaded successfully]
[2024-12-02 19:09:06,171: INFO: common: created directory at: artifacts]
[2024-12-02 19:09:06,172: INFO: common: created directory at: artifacts/data_ingestion]
[2024-12-02 19:09:11,588: INFO: common: yaml file: config\config.yaml loaded successfully]
[2024-12-02 19:09:11,592: INFO: common: yaml file: params.yaml loaded successfully]
[2024-12-02 19:09:11,594: INFO: common: yaml file: schema.yaml loaded successfully]
[2024-12-02 19:09:11,595: INFO: common: created directory at: artifacts]
[2024-12-02 19:11:06,767: INFO: common: yaml file: config\config.yaml loaded successfully]
[2024-12-02 19:11:06,773: INFO: common: yaml file: params.yaml loaded successfully]
[2024-12-02 19:11:06,777: INFO: common: yaml file: schema.yaml loaded successfully]
[2024-12-02 19:11:06,778: INFO: common: created directory at: artifacts]
[2024-12-02 19:11:06,778: INFO: common: created directory at: artifacts/data_ingestion]
[2024-12-02 19:11:10,250: INFO: common: yaml file: config\config.yaml loaded successfully]
[2024-12-02 19:11:10,252: INFO: common: yaml file: params.yaml loaded successfully]
[2024-12-02 19:11:10,254: INFO: common: yaml file: schema.yaml loaded successfully]
[2024-12-02 19:11:10,255: INFO: common: created directory at: artifacts]
[2024-12-02 19:11:10,256: INFO: common: created directory at: artifacts/data_ingestion]
[2024-12-02 19:11:46,185: INFO: common: yaml file: config\config.yaml loaded successfully]
[2024-12-02 19:11:46,188: INFO: common: yaml file: params.yaml loaded successfully]
[2024-12-02 19:11:46,190: INFO: common: yaml file: schema.yaml loaded successfully]
[2024-12-02 19:11:46,191: INFO: common: created directory at: artifacts]
[2024-12-02 19:11:46,192: INFO: common: created directory at: artifacts/data_ingestion]
[2024-12-02 19:11:49,089: INFO: common: yaml file: config\config.yaml loaded successfully]
[2024-12-02 19:11:49,092: INFO: common: yaml file: params.yaml loaded successfully]
[2024-12-02 19:11:49,094: INFO: common: yaml file: schema.yaml loaded successfully]
[2024-12-02 19:11:49,095: INFO: common: created directory at: artifacts]
[2024-12-02 19:11:49,096: INFO: common: created directory at: artifacts/data_ingestion]
[2024-12-02 19:16:00,010: INFO: common: yaml file: config\config.yaml loaded successfully]
[2024-12-02 19:16:00,017: INFO: common: yaml file: params.yaml loaded successfully]
[2024-12-02 19:16:00,021: INFO: common: yaml file: schema.yaml loaded successfully]
[2024-12-02 19:16:00,022: INFO: common: created directory at: artifacts]
[2024-12-02 19:16:00,023: INFO: common: created directory at: artifacts/data_ingestion]
[2024-12-02 19:16:02,350: INFO: common: yaml file: config\config.yaml loaded successfully]
[2024-12-02 19:16:02,352: INFO: common: yaml file: params.yaml loaded successfully]
[2024-12-02 19:16:02,355: INFO: common: yaml file: schema.yaml loaded successfully]
[2024-12-02 19:16:02,356: INFO: common: created directory at: artifacts]
[2024-12-02 19:16:02,357: INFO: common: created directory at: artifacts/data_ingestion]
[2024-12-02 19:19:53,647: INFO: common: yaml file: config\config.yaml loaded successfully]
[2024-12-02 19:19:53,655: INFO: common: yaml file: params.yaml loaded successfully]
[2024-12-02 19:19:53,659: INFO: common: yaml file: schema.yaml loaded successfully]
[2024-12-02 19:19:53,660: INFO: common: created directory at: artifacts]
[2024-12-02 19:19:53,662: INFO: common: created directory at: artifacts/data_ingestion]
[2024-12-02 19:19:55,026: INFO: common: yaml file: config\config.yaml loaded successfully]
[2024-12-02 19:19:55,029: INFO: common: yaml file: params.yaml loaded successfully]
[2024-12-02 19:19:55,031: INFO: common: yaml file: schema.yaml loaded successfully]
[2024-12-02 19:19:55,032: INFO: common: created directory at: artifacts]
[2024-12-02 19:19:55,033: INFO: common: created directory at: artifacts/data_ingestion]
[2024-12-02 19:20:09,843: INFO: common: yaml file: config\config.yaml loaded successfully]
[2024-12-02 19:20:09,845: INFO: common: yaml file: params.yaml loaded successfully]
[2024-12-02 19:20:09,848: INFO: common: yaml file: schema.yaml loaded successfully]
[2024-12-02 19:20:09,849: INFO: common: created directory at: artifacts]
[2024-12-02 19:20:09,850: INFO: common: created directory at: artifacts/data_ingestion]
[2024-12-02 19:20:11,853: INFO: common: yaml file: config\config.yaml loaded successfully]
[2024-12-02 19:20:11,855: INFO: common: yaml file: params.yaml loaded successfully]
[2024-12-02 19:20:11,857: INFO: common: yaml file: schema.yaml loaded successfully]
[2024-12-02 19:20:11,859: INFO: common: created directory at: artifacts]
[2024-12-02 19:20:11,860: INFO: common: created directory at: artifacts/data_ingestion]
[2024-12-02 19:21:10,801: INFO: common: yaml file: config\config.yaml loaded successfully]
[2024-12-02 19:21:10,804: INFO: common: yaml file: params.yaml loaded successfully]
[2024-12-02 19:21:10,807: INFO: common: yaml file: schema.yaml loaded successfully]
[2024-12-02 19:21:10,808: INFO: common: created directory at: artifacts]
[2024-12-02 19:21:10,809: INFO: common: created directory at: artifacts/data_ingestion]
[2024-12-02 19:21:12,834: INFO: common: yaml file: config\config.yaml loaded successfully]
[2024-12-02 19:21:12,836: INFO: common: yaml file: params.yaml loaded successfully]
[2024-12-02 19:21:12,838: INFO: common: yaml file: schema.yaml loaded successfully]
[2024-12-02 19:21:12,839: INFO: common: created directory at: artifacts]
[2024-12-02 19:21:12,840: INFO: common: created directory at: artifacts/data_ingestion]
[2024-12-02 19:22:55,499: INFO: common: yaml file: config\config.yaml loaded successfully]
[2024-12-02 19:22:55,502: INFO: common: yaml file: params.yaml loaded successfully]
[2024-12-02 19:22:55,503: INFO: common: yaml file: schema.yaml loaded successfully]
[2024-12-02 19:22:55,504: INFO: common: created directory at: artifacts]
[2024-12-02 19:22:55,505: INFO: common: created directory at: artifacts/data_ingestion]
[2024-12-02 19:22:56,709: INFO: common: yaml file: config\config.yaml loaded successfully]
[2024-12-02 19:22:56,711: INFO: common: yaml file: params.yaml loaded successfully]
[2024-12-02 19:22:56,713: INFO: common: yaml file: schema.yaml loaded successfully]
[2024-12-02 19:22:56,714: INFO: common: created directory at: artifacts]
[2024-12-02 19:22:56,714: INFO: common: created directory at: artifacts/data_ingestion]
[2024-12-02 19:23:55,224: INFO: common: yaml file: config\config.yaml loaded successfully]
[2024-12-02 19:23:55,227: INFO: common: yaml file: params.yaml loaded successfully]
[2024-12-02 19:23:55,229: INFO: common: yaml file: schema.yaml loaded successfully]
[2024-12-02 19:23:55,230: INFO: common: created directory at: artifacts]
[2024-12-02 19:23:55,231: INFO: common: created directory at: artifacts/data_ingestion]
[2024-12-02 19:23:57,186: INFO: common: yaml file: config\config.yaml loaded successfully]
[2024-12-02 19:23:57,188: INFO: common: yaml file: params.yaml loaded successfully]
[2024-12-02 19:23:57,190: INFO: common: yaml file: schema.yaml loaded successfully]
[2024-12-02 19:23:57,191: INFO: common: created directory at: artifacts]
[2024-12-02 19:23:57,192: INFO: common: created directory at: artifacts/data_ingestion]
[2024-12-02 19:27:38,128: INFO: common: yaml file: config\config.yaml loaded successfully]
[2024-12-02 19:27:38,135: INFO: common: yaml file: params.yaml loaded successfully]
[2024-12-02 19:27:38,138: INFO: common: yaml file: schema.yaml loaded successfully]
[2024-12-02 19:27:38,139: INFO: common: created directory at: artifacts]
[2024-12-02 19:27:38,140: INFO: common: created directory at: artifacts/data_ingestion]
[2024-12-02 19:27:40,326: INFO: common: yaml file: config\config.yaml loaded successfully]
[2024-12-02 19:27:40,328: INFO: common: yaml file: params.yaml loaded successfully]
[2024-12-02 19:27:40,330: INFO: common: yaml file: schema.yaml loaded successfully]
[2024-12-02 19:27:40,333: INFO: common: created directory at: artifacts]
[2024-12-02 19:27:40,334: INFO: common: created directory at: artifacts/data_ingestion]
[2024-12-02 19:30:52,953: INFO: common: yaml file: config\config.yaml loaded successfully]
[2024-12-02 19:30:52,959: INFO: common: yaml file: params.yaml loaded successfully]
[2024-12-02 19:30:52,962: INFO: common: yaml file: schema.yaml loaded successfully]
[2024-12-02 19:30:52,964: INFO: common: created directory at: artifacts]
[2024-12-02 19:30:52,965: INFO: common: created directory at: artifacts/data_ingestion]
[2024-12-02 21:32:14,964: INFO: common: yaml file: config\config.yaml loaded successfully]
[2024-12-02 21:32:14,973: INFO: common: yaml file: params.yaml loaded successfully]
[2024-12-02 21:32:14,982: INFO: common: yaml file: schema.yaml loaded successfully]
[2024-12-02 21:32:14,983: INFO: common: created directory at: artifacts]
[2024-12-02 21:32:14,983: INFO: common: created directory at: artifacts/data_ingestion]
[2024-12-02 21:35:16,736: INFO: common: yaml file: config\config.yaml loaded successfully]
[2024-12-02 21:35:16,740: INFO: common: yaml file: params.yaml loaded successfully]
[2024-12-02 21:35:16,742: INFO: common: yaml file: schema.yaml loaded successfully]
[2024-12-02 21:35:16,743: INFO: common: created directory at: artifacts]
[2024-12-02 21:37:07,244: INFO: common: yaml file: config\config.yaml loaded successfully]
[2024-12-02 21:37:07,248: INFO: common: yaml file: params.yaml loaded successfully]
[2024-12-02 21:37:07,249: INFO: common: yaml file: schema.yaml loaded successfully]
[2024-12-02 21:37:07,250: INFO: common: created directory at: artifacts]
[2024-12-02 21:37:26,565: INFO: common: yaml file: config\config.yaml loaded successfully]
[2024-12-02 21:37:26,565: INFO: common: yaml file: params.yaml loaded successfully]
[2024-12-02 21:37:26,566: INFO: common: yaml file: schema.yaml loaded successfully]
[2024-12-02 21:37:26,566: INFO: common: created directory at: artifacts]
[2024-12-02 23:25:22,818: INFO: common: yaml file: config\config.yaml loaded successfully]
[2024-12-02 23:25:22,830: INFO: common: yaml file: params.yaml loaded successfully]
[2024-12-02 23:25:22,836: INFO: common: yaml file: schema.yaml loaded successfully]
[2024-12-02 23:25:22,837: INFO: common: created directory at: artifacts]
[2024-12-02 23:26:57,901: INFO: common: yaml file: config\config.yaml loaded successfully]
[2024-12-02 23:26:57,903: INFO: common: yaml file: params.yaml loaded successfully]
[2024-12-02 23:26:57,903: INFO: common: yaml file: schema.yaml loaded successfully]
[2024-12-02 23:26:57,904: INFO: common: created directory at: artifacts]
[2024-12-02 23:26:57,905: WARNING: common: Path artifacts/data_ingestion/data.csv is a file, not a directory. Skipping creation.]
[2024-12-02 23:27:51,359: INFO: common: yaml file: config\config.yaml loaded successfully]
[2024-12-02 23:27:51,360: INFO: common: yaml file: params.yaml loaded successfully]
[2024-12-02 23:27:51,361: INFO: common: yaml file: schema.yaml loaded successfully]
[2024-12-02 23:27:51,362: INFO: common: created directory at: artifacts]
[2024-12-02 23:27:51,362: WARNING: common: Path artifacts/data_ingestion/data.csv is a file, not a directory. Skipping creation.]
[2024-12-02 23:28:03,053: INFO: common: yaml file: config\config.yaml loaded successfully]
[2024-12-02 23:28:03,054: INFO: common: yaml file: params.yaml loaded successfully]
[2024-12-02 23:28:03,055: INFO: common: yaml file: schema.yaml loaded successfully]
[2024-12-02 23:28:03,055: INFO: common: created directory at: artifacts]
[2024-12-02 23:28:03,055: WARNING: common: Path artifacts/data_ingestion/data.csv is a file, not a directory. Skipping creation.]
[2024-12-02 23:29:49,892: INFO: common: yaml file: config\config.yaml loaded successfully]
[2024-12-02 23:29:49,893: INFO: common: yaml file: params.yaml loaded successfully]
[2024-12-02 23:29:49,894: INFO: common: yaml file: schema.yaml loaded successfully]
[2024-12-02 23:29:49,895: INFO: common: created directory at: artifacts]
[2024-12-02 23:29:49,896: WARNING: common: Path artifacts/data_ingestion/data.csv is a file, not a directory. Skipping creation.]
[2024-12-02 23:30:41,291: INFO: common: yaml file: config\config.yaml loaded successfully]
[2024-12-02 23:30:41,292: INFO: common: yaml file: params.yaml loaded successfully]
[2024-12-02 23:30:41,294: INFO: common: yaml file: schema.yaml loaded successfully]
[2024-12-02 23:30:41,294: INFO: common: created directory at: artifacts]
[2024-12-02 23:30:41,294: WARNING: common: Path artifacts/data_ingestion/data.csv is a file, not a directory. Skipping creation.]
[2024-12-02 23:46:29,288: INFO: common: yaml file: config\config.yaml loaded successfully]
[2024-12-02 23:46:29,292: INFO: common: yaml file: params.yaml loaded successfully]
[2024-12-02 23:46:29,294: INFO: common: yaml file: schema.yaml loaded successfully]
[2024-12-02 23:46:29,294: INFO: common: created directory at: artifacts]
[2024-12-02 23:46:29,295: INFO: common: created directory at: artifacts/data_ingestion]
[2024-12-02 23:46:31,681: INFO: common: yaml file: config\config.yaml loaded successfully]
[2024-12-02 23:46:31,682: INFO: common: yaml file: params.yaml loaded successfully]
[2024-12-02 23:46:31,683: INFO: common: yaml file: schema.yaml loaded successfully]
[2024-12-02 23:46:31,683: INFO: common: created directory at: artifacts]
[2024-12-02 23:46:31,684: WARNING: common: Path artifacts/data_ingestion/data.csv is a file, not a directory. Skipping creation.]
[2024-12-03 23:39:41,505: INFO: common: yaml file: config\config.yaml loaded successfully]
[2024-12-03 23:39:41,508: INFO: common: yaml file: params.yaml loaded successfully]
[2024-12-03 23:39:41,509: INFO: common: created directory at: artifacts]
[2024-12-03 23:40:12,167: INFO: common: yaml file: config\config.yaml loaded successfully]
[2024-12-03 23:40:12,168: INFO: common: yaml file: params.yaml loaded successfully]
[2024-12-03 23:40:12,168: INFO: common: created directory at: artifacts]
[2024-12-03 23:41:43,213: INFO: common: yaml file: config\config.yaml loaded successfully]
[2024-12-03 23:41:43,216: INFO: common: yaml file: params.yaml loaded successfully]
[2024-12-03 23:41:43,217: INFO: common: created directory at: artifacts]
[2024-12-03 23:49:30,097: INFO: common: yaml file: config\config.yaml loaded successfully]
[2024-12-03 23:49:30,101: INFO: common: yaml file: params.yaml loaded successfully]
[2024-12-03 23:49:30,102: INFO: common: created directory at: artifacts]
[2024-12-03 23:50:24,104: INFO: common: yaml file: config\config.yaml loaded successfully]
[2024-12-03 23:50:24,105: INFO: common: yaml file: params.yaml loaded successfully]
[2024-12-03 23:50:24,106: INFO: common: created directory at: artifacts]
[2024-12-03 23:51:58,570: INFO: common: yaml file: config\config.yaml loaded successfully]
[2024-12-03 23:51:58,573: INFO: common: yaml file: params.yaml loaded successfully]
[2024-12-03 23:51:58,574: INFO: common: created directory at: artifacts]
[2024-12-03 23:52:21,152: INFO: common: yaml file: config\config.yaml loaded successfully]
[2024-12-03 23:52:21,153: INFO: common: yaml file: params.yaml loaded successfully]
[2024-12-03 23:52:21,154: INFO: common: created directory at: artifacts]
[2024-12-03 23:57:24,925: INFO: common: yaml file: config\config.yaml loaded successfully]
[2024-12-03 23:57:24,928: INFO: common: yaml file: params.yaml loaded successfully]
[2024-12-03 23:57:24,929: INFO: common: created directory at: artifacts]
[2024-12-03 23:57:56,070: INFO: common: yaml file: config\config.yaml loaded successfully]
[2024-12-03 23:57:56,071: INFO: common: yaml file: params.yaml loaded successfully]
[2024-12-03 23:57:56,072: INFO: common: created directory at: artifacts]
[2024-12-03 23:57:56,072: INFO: common: created directory at: artifacts/data_ingestion]
[2024-12-03 23:57:57,403: INFO: common: yaml file: config\config.yaml loaded successfully]
[2024-12-03 23:57:57,404: INFO: common: yaml file: params.yaml loaded successfully]
[2024-12-03 23:57:57,404: INFO: common: created directory at: artifacts]
[2024-12-04 00:01:08,999: INFO: common: yaml file: config\config.yaml loaded successfully]
[2024-12-04 00:01:09,003: INFO: common: yaml file: params.yaml loaded successfully]
[2024-12-04 00:01:09,003: INFO: common: created directory at: artifacts]
[2024-12-04 00:01:09,004: INFO: common: created directory at: artifacts/data_ingestion]
[2024-12-04 00:01:09,767: INFO: common: yaml file: config\config.yaml loaded successfully]
[2024-12-04 00:01:09,768: INFO: common: yaml file: params.yaml loaded successfully]
[2024-12-04 00:01:09,768: INFO: common: created directory at: artifacts]
[2024-12-04 00:02:38,878: INFO: common: yaml file: config\config.yaml loaded successfully]
[2024-12-04 00:02:38,879: INFO: common: yaml file: params.yaml loaded successfully]
[2024-12-04 00:02:38,879: INFO: common: created directory at: artifacts]
[2024-12-04 00:02:38,880: INFO: common: created directory at: artifacts/data_ingestion]
[2024-12-04 00:02:39,828: INFO: common: yaml file: config\config.yaml loaded successfully]
[2024-12-04 00:02:39,831: INFO: common: yaml file: params.yaml loaded successfully]
[2024-12-04 00:02:39,831: INFO: common: created directory at: artifacts]
[2024-12-04 00:02:39,891: INFO: common: yaml file: config\config.yaml loaded successfully]
[2024-12-04 00:02:39,892: INFO: common: yaml file: params.yaml loaded successfully]
[2024-12-04 00:02:39,892: INFO: common: created directory at: artifacts]
[2024-12-04 00:23:14,311: INFO: common: yaml file: config\config.yaml loaded successfully]
[2024-12-04 00:23:14,315: INFO: common: yaml file: params.yaml loaded successfully]
[2024-12-04 00:23:14,316: INFO: common: created directory at: artifacts]
[2024-12-04 00:25:56,955: INFO: common: yaml file: config\config.yaml loaded successfully]
[2024-12-04 00:25:56,959: INFO: common: yaml file: params.yaml loaded successfully]
[2024-12-04 00:25:56,960: INFO: common: created directory at: artifacts]
[2024-12-04 00:26:17,158: INFO: common: yaml file: config\config.yaml loaded successfully]
[2024-12-04 00:26:17,159: INFO: common: yaml file: params.yaml loaded successfully]
[2024-12-04 00:26:17,159: INFO: common: created directory at: artifacts]
[2024-12-04 00:26:17,160: INFO: common: created directory at: artifacts/data_ingestion]
[2024-12-04 00:26:18,154: INFO: common: yaml file: config\config.yaml loaded successfully]
[2024-12-04 00:26:18,155: INFO: common: yaml file: params.yaml loaded successfully]
[2024-12-04 00:26:18,156: INFO: common: created directory at: artifacts]
[2024-12-04 00:26:18,189: INFO: common: yaml file: config\config.yaml loaded successfully]
[2024-12-04 00:26:18,190: INFO: common: yaml file: params.yaml loaded successfully]
[2024-12-04 00:26:18,190: INFO: common: created directory at: artifacts]
[2024-12-04 00:28:15,835: INFO: common: yaml file: config\config.yaml loaded successfully]
[2024-12-04 00:28:15,836: INFO: common: yaml file: params.yaml loaded successfully]
[2024-12-04 00:28:15,836: INFO: common: created directory at: artifacts]
[2024-12-04 00:28:15,836: INFO: common: created directory at: artifacts/data_ingestion]
[2024-12-04 00:28:17,877: INFO: common: yaml file: config\config.yaml loaded successfully]
[2024-12-04 00:28:17,878: INFO: common: yaml file: params.yaml loaded successfully]
[2024-12-04 00:28:17,880: INFO: common: created directory at: artifacts]
[2024-12-04 00:28:17,910: INFO: common: yaml file: config\config.yaml loaded successfully]
[2024-12-04 00:28:17,911: INFO: common: yaml file: params.yaml loaded successfully]
[2024-12-04 00:28:17,912: INFO: common: created directory at: artifacts]
[2024-12-04 00:30:39,267: INFO: common: yaml file: config\config.yaml loaded successfully]
[2024-12-04 00:30:39,268: INFO: common: yaml file: params.yaml loaded successfully]
[2024-12-04 00:30:39,268: INFO: common: created directory at: artifacts]
[2024-12-04 00:30:39,269: INFO: common: created directory at: artifacts/data_ingestion]
[2024-12-04 00:30:40,056: INFO: common: yaml file: config\config.yaml loaded successfully]
[2024-12-04 00:30:40,057: INFO: common: yaml file: params.yaml loaded successfully]
[2024-12-04 00:30:40,058: INFO: common: created directory at: artifacts]
[2024-12-04 00:30:40,088: INFO: common: yaml file: config\config.yaml loaded successfully]
[2024-12-04 00:30:40,089: INFO: common: yaml file: params.yaml loaded successfully]
[2024-12-04 00:30:40,089: INFO: common: created directory at: artifacts]
[2024-12-04 00:34:06,435: INFO: common: yaml file: config\config.yaml loaded successfully]
[2024-12-04 00:34:06,438: INFO: common: yaml file: params.yaml loaded successfully]
[2024-12-04 00:34:06,439: INFO: common: created directory at: artifacts]
[2024-12-04 00:34:06,439: INFO: common: created directory at: artifacts/data_ingestion]
[2024-12-04 00:34:13,191: INFO: common: yaml file: config\config.yaml loaded successfully]
[2024-12-04 00:34:13,192: INFO: common: yaml file: params.yaml loaded successfully]
[2024-12-04 00:34:13,192: INFO: common: created directory at: artifacts]
[2024-12-04 00:34:13,252: INFO: common: yaml file: config\config.yaml loaded successfully]
[2024-12-04 00:34:13,253: INFO: common: yaml file: params.yaml loaded successfully]
[2024-12-04 00:34:13,255: INFO: common: created directory at: artifacts]
[2024-12-04 00:34:43,888: INFO: common: yaml file: config\config.yaml loaded successfully]
[2024-12-04 00:34:43,890: INFO: common: yaml file: params.yaml loaded successfully]
[2024-12-04 00:34:43,890: INFO: common: created directory at: artifacts]
[2024-12-04 00:34:43,890: INFO: common: created directory at: artifacts/data_ingestion]
[2024-12-04 00:34:47,380: INFO: common: yaml file: config\config.yaml loaded successfully]
[2024-12-04 00:34:47,381: INFO: common: yaml file: params.yaml loaded successfully]
[2024-12-04 00:34:47,382: INFO: common: created directory at: artifacts]
[2024-12-04 00:34:47,410: INFO: common: yaml file: config\config.yaml loaded successfully]
[2024-12-04 00:34:47,411: INFO: common: yaml file: params.yaml loaded successfully]
[2024-12-04 00:34:47,411: INFO: common: created directory at: artifacts]
[2024-12-04 00:35:14,252: INFO: common: yaml file: config\config.yaml loaded successfully]
[2024-12-04 00:35:14,253: INFO: common: yaml file: params.yaml loaded successfully]
[2024-12-04 00:35:14,254: INFO: common: created directory at: artifacts]
[2024-12-04 00:35:14,254: INFO: common: created directory at: artifacts/data_ingestion]
[2024-12-04 00:35:18,102: INFO: common: yaml file: config\config.yaml loaded successfully]
[2024-12-04 00:35:18,103: INFO: common: yaml file: params.yaml loaded successfully]
[2024-12-04 00:35:18,104: INFO: common: created directory at: artifacts]
[2024-12-04 00:35:18,138: INFO: common: yaml file: config\config.yaml loaded successfully]
[2024-12-04 00:35:18,139: INFO: common: yaml file: params.yaml loaded successfully]
[2024-12-04 00:35:18,140: INFO: common: created directory at: artifacts]
[2024-12-04 00:36:14,830: INFO: common: yaml file: config\config.yaml loaded successfully]
[2024-12-04 00:36:14,831: INFO: common: yaml file: params.yaml loaded successfully]
[2024-12-04 00:36:14,832: INFO: common: created directory at: artifacts]
[2024-12-04 00:36:14,832: INFO: common: created directory at: artifacts/data_ingestion]
[2024-12-04 00:36:19,410: INFO: common: yaml file: config\config.yaml loaded successfully]
[2024-12-04 00:36:19,412: INFO: common: yaml file: params.yaml loaded successfully]
[2024-12-04 00:36:19,412: INFO: common: created directory at: artifacts]
[2024-12-04 00:36:19,444: INFO: common: yaml file: config\config.yaml loaded successfully]
[2024-12-04 00:36:19,446: INFO: common: yaml file: params.yaml loaded successfully]
[2024-12-04 00:36:19,446: INFO: common: created directory at: artifacts]
[2024-12-04 00:50:55,626: INFO: common: yaml file: config\config.yaml loaded successfully]
[2024-12-04 00:50:55,631: INFO: common: yaml file: params.yaml loaded successfully]
[2024-12-04 00:50:55,634: INFO: common: created directory at: artifacts]
[2024-12-04 00:52:48,439: INFO: common: yaml file: config\config.yaml loaded successfully]
[2024-12-04 00:52:48,443: INFO: common: yaml file: params.yaml loaded successfully]
[2024-12-04 00:52:48,444: INFO: common: created directory at: artifacts]
[2024-12-04 00:52:59,610: INFO: common: yaml file: config\config.yaml loaded successfully]
[2024-12-04 00:52:59,613: INFO: common: yaml file: params.yaml loaded successfully]
[2024-12-04 00:52:59,613: INFO: common: created directory at: artifacts]
[2024-12-04 00:54:49,354: INFO: common: yaml file: config\config.yaml loaded successfully]
[2024-12-04 00:54:49,358: INFO: common: yaml file: params.yaml loaded successfully]
[2024-12-04 00:54:49,359: INFO: common: created directory at: artifacts]
[2024-12-04 00:59:02,437: INFO: common: yaml file: config\config.yaml loaded successfully]
[2024-12-04 00:59:02,440: INFO: common: yaml file: params.yaml loaded successfully]
[2024-12-04 00:59:02,441: INFO: common: created directory at: artifacts]
[2024-12-04 13:37:31,834: INFO: common: yaml file: config\config.yaml loaded successfully]
[2024-12-04 13:37:31,857: INFO: common: yaml file: params.yaml loaded successfully]
[2024-12-04 13:37:31,859: INFO: common: created directory at: artifacts]
[2024-12-04 13:46:27,515: INFO: common: yaml file: config\config.yaml loaded successfully]
[2024-12-04 13:46:27,535: INFO: common: yaml file: params.yaml loaded successfully]
[2024-12-04 13:46:27,536: INFO: common: created directory at: artifacts]
[2024-12-04 13:47:01,351: INFO: common: yaml file: config\config.yaml loaded successfully]
[2024-12-04 13:47:01,355: INFO: common: yaml file: params.yaml loaded successfully]
[2024-12-04 13:47:01,356: INFO: common: created directory at: artifacts]
[2024-12-04 13:48:26,062: INFO: common: yaml file: config\config.yaml loaded successfully]
[2024-12-04 13:48:26,066: INFO: common: yaml file: params.yaml loaded successfully]
[2024-12-04 13:48:26,067: INFO: common: created directory at: artifacts]
[2024-12-04 13:50:05,196: INFO: common: yaml file: config\config.yaml loaded successfully]
[2024-12-04 13:50:05,199: INFO: common: yaml file: params.yaml loaded successfully]
[2024-12-04 13:50:05,200: INFO: common: created directory at: artifacts]
[2024-12-04 13:50:29,160: INFO: common: yaml file: config\config.yaml loaded successfully]
[2024-12-04 13:50:29,163: INFO: common: yaml file: params.yaml loaded successfully]
[2024-12-04 13:50:29,164: INFO: common: created directory at: artifacts]
[2024-12-04 13:51:28,097: INFO: common: yaml file: config\config.yaml loaded successfully]
[2024-12-04 13:51:28,101: INFO: common: yaml file: params.yaml loaded successfully]
[2024-12-04 13:51:28,102: INFO: common: created directory at: artifacts]
[2024-12-04 13:54:04,203: INFO: common: yaml file: config\config.yaml loaded successfully]
[2024-12-04 13:54:04,207: INFO: common: yaml file: params.yaml loaded successfully]
[2024-12-04 13:54:04,208: INFO: common: created directory at: artifacts]
[2024-12-04 13:54:04,208: INFO: common: created directory at: artifacts/data_ingestion]
[2024-12-04 13:54:06,097: INFO: common: yaml file: config\config.yaml loaded successfully]
[2024-12-04 13:54:06,101: INFO: common: yaml file: params.yaml loaded successfully]
[2024-12-04 13:54:06,102: INFO: common: created directory at: artifacts]
[2024-12-04 13:56:39,843: INFO: common: yaml file: config\config.yaml loaded successfully]
[2024-12-04 13:56:39,845: INFO: common: yaml file: params.yaml loaded successfully]
[2024-12-04 13:56:39,846: INFO: common: created directory at: artifacts]
[2024-12-04 13:56:39,847: INFO: common: created directory at: artifacts/data_ingestion]
[2024-12-04 13:56:43,367: INFO: common: yaml file: config\config.yaml loaded successfully]
[2024-12-04 13:56:43,370: INFO: common: yaml file: params.yaml loaded successfully]
[2024-12-04 13:56:43,371: INFO: common: created directory at: artifacts]
[2024-12-04 13:59:20,181: INFO: common: yaml file: config\config.yaml loaded successfully]
[2024-12-04 13:59:20,184: INFO: common: yaml file: params.yaml loaded successfully]
[2024-12-04 13:59:20,185: INFO: common: created directory at: artifacts]
[2024-12-04 13:59:20,186: INFO: common: created directory at: artifacts/data_ingestion]
[2024-12-04 13:59:22,937: INFO: common: yaml file: config\config.yaml loaded successfully]
[2024-12-04 13:59:22,939: INFO: common: yaml file: params.yaml loaded successfully]
[2024-12-04 13:59:22,940: INFO: common: created directory at: artifacts]
[2024-12-04 14:03:42,283: INFO: common: yaml file: config\config.yaml loaded successfully]
[2024-12-04 14:03:42,291: INFO: common: yaml file: params.yaml loaded successfully]
[2024-12-04 14:03:42,293: INFO: common: created directory at: artifacts]
[2024-12-04 14:03:42,293: INFO: common: created directory at: artifacts/data_ingestion]
[2024-12-04 14:03:43,671: INFO: common: yaml file: config\config.yaml loaded successfully]
[2024-12-04 14:03:43,674: INFO: common: yaml file: params.yaml loaded successfully]
[2024-12-04 14:03:43,676: INFO: common: created directory at: artifacts]
[2024-12-04 14:08:40,696: INFO: common: yaml file: config\config.yaml loaded successfully]
[2024-12-04 14:08:40,704: INFO: common: yaml file: params.yaml loaded successfully]
[2024-12-04 14:08:40,705: INFO: common: created directory at: artifacts]
[2024-12-04 14:08:40,706: INFO: common: created directory at: artifacts/data_ingestion]
[2024-12-04 14:08:44,144: INFO: common: yaml file: config\config.yaml loaded successfully]
[2024-12-04 14:08:44,147: INFO: common: yaml file: params.yaml loaded successfully]
[2024-12-04 14:08:44,149: INFO: common: created directory at: artifacts]
[2024-12-04 14:10:15,498: INFO: common: yaml file: config\config.yaml loaded successfully]
[2024-12-04 14:10:15,504: INFO: common: yaml file: params.yaml loaded successfully]
[2024-12-04 14:10:15,505: INFO: common: created directory at: artifacts]
[2024-12-04 14:10:15,506: INFO: common: created directory at: artifacts/data_ingestion]
[2024-12-04 14:10:17,867: INFO: common: yaml file: config\config.yaml loaded successfully]
[2024-12-04 14:10:17,870: INFO: common: yaml file: params.yaml loaded successfully]
[2024-12-04 14:10:17,872: INFO: common: created directory at: artifacts]
[2024-12-04 14:10:17,971: INFO: common: yaml file: config\config.yaml loaded successfully]
[2024-12-04 14:10:17,973: INFO: common: yaml file: params.yaml loaded successfully]
[2024-12-04 14:10:17,974: INFO: common: created directory at: artifacts]
[2024-12-04 14:11:12,450: INFO: common: yaml file: config\config.yaml loaded successfully]
[2024-12-04 14:11:12,456: INFO: common: yaml file: params.yaml loaded successfully]
[2024-12-04 14:11:12,456: INFO: common: created directory at: artifacts]
[2024-12-04 14:15:32,366: INFO: common: yaml file: config\config.yaml loaded successfully]
[2024-12-04 14:15:32,369: INFO: common: yaml file: params.yaml loaded successfully]
[2024-12-04 14:15:32,370: INFO: common: created directory at: artifacts]
[2024-12-04 14:15:32,371: INFO: common: created directory at: artifacts/data_ingestion]
[2024-12-04 14:15:33,670: INFO: common: yaml file: config\config.yaml loaded successfully]
[2024-12-04 14:15:33,673: INFO: common: yaml file: params.yaml loaded successfully]
[2024-12-04 14:15:33,674: INFO: common: created directory at: artifacts]
[2024-12-04 14:15:33,756: INFO: common: yaml file: config\config.yaml loaded successfully]
[2024-12-04 14:15:33,758: INFO: common: yaml file: params.yaml loaded successfully]
[2024-12-04 14:15:33,759: INFO: common: created directory at: artifacts]
[2024-12-04 14:16:18,458: INFO: common: yaml file: config\config.yaml loaded successfully]
[2024-12-04 14:16:18,461: INFO: common: yaml file: params.yaml loaded successfully]
[2024-12-04 14:16:18,462: INFO: common: created directory at: artifacts]
[2024-12-04 14:17:40,643: INFO: common: yaml file: config\config.yaml loaded successfully]
[2024-12-04 14:17:40,645: INFO: common: yaml file: params.yaml loaded successfully]
[2024-12-04 14:17:40,646: INFO: common: created directory at: artifacts]
[2024-12-04 14:17:40,647: INFO: common: created directory at: artifacts/data_ingestion]
[2024-12-04 14:17:42,197: INFO: common: yaml file: config\config.yaml loaded successfully]
[2024-12-04 14:17:42,201: INFO: common: yaml file: params.yaml loaded successfully]
[2024-12-04 14:17:42,205: INFO: common: created directory at: artifacts]
[2024-12-04 14:17:42,289: INFO: common: yaml file: config\config.yaml loaded successfully]
[2024-12-04 14:17:42,292: INFO: common: yaml file: params.yaml loaded successfully]
[2024-12-04 14:17:42,294: INFO: common: created directory at: artifacts]
[2024-12-04 14:18:20,965: INFO: common: yaml file: config\config.yaml loaded successfully]
[2024-12-04 14:18:20,968: INFO: common: yaml file: params.yaml loaded successfully]
[2024-12-04 14:18:20,969: INFO: common: created directory at: artifacts]
[2024-12-04 14:20:13,195: INFO: common: yaml file: config\config.yaml loaded successfully]
[2024-12-04 14:20:13,199: INFO: common: yaml file: params.yaml loaded successfully]
[2024-12-04 14:20:13,201: INFO: common: created directory at: artifacts]
[2024-12-04 14:20:13,201: INFO: common: created directory at: artifacts/data_ingestion]
[2024-12-04 14:20:15,549: INFO: common: yaml file: config\config.yaml loaded successfully]
[2024-12-04 14:20:15,553: INFO: common: yaml file: params.yaml loaded successfully]
[2024-12-04 14:20:15,554: INFO: common: created directory at: artifacts]
[2024-12-04 14:20:15,638: INFO: common: yaml file: config\config.yaml loaded successfully]
[2024-12-04 14:20:15,641: INFO: common: yaml file: params.yaml loaded successfully]
[2024-12-04 14:20:15,642: INFO: common: created directory at: artifacts]
[2024-12-04 14:21:02,676: INFO: common: yaml file: config\config.yaml loaded successfully]
[2024-12-04 14:21:02,682: INFO: common: yaml file: params.yaml loaded successfully]
[2024-12-04 14:21:02,685: INFO: common: created directory at: artifacts]
[2024-12-04 14:21:02,847: INFO: common: yaml file: config\config.yaml loaded successfully]
[2024-12-04 14:21:02,850: INFO: common: yaml file: params.yaml loaded successfully]
[2024-12-04 14:21:02,855: INFO: common: created directory at: artifacts]
[2024-12-04 14:22:32,966: INFO: common: yaml file: config\config.yaml loaded successfully]
[2024-12-04 14:22:32,972: INFO: common: yaml file: params.yaml loaded successfully]
[2024-12-04 14:22:32,974: INFO: common: created directory at: artifacts]
[2024-12-04 14:22:32,975: INFO: common: created directory at: artifacts/data_ingestion]
[2024-12-04 14:22:36,677: INFO: common: yaml file: config\config.yaml loaded successfully]
[2024-12-04 14:22:36,679: INFO: common: yaml file: params.yaml loaded successfully]
[2024-12-04 14:22:36,680: INFO: common: created directory at: artifacts]
[2024-12-04 14:22:36,777: INFO: common: yaml file: config\config.yaml loaded successfully]
[2024-12-04 14:22:36,780: INFO: common: yaml file: params.yaml loaded successfully]
[2024-12-04 14:22:36,781: INFO: common: created directory at: artifacts]
[2024-12-04 14:23:16,979: INFO: common: yaml file: config\config.yaml loaded successfully]
[2024-12-04 14:23:16,982: INFO: common: yaml file: params.yaml loaded successfully]
[2024-12-04 14:23:16,983: INFO: common: created directory at: artifacts]
[2024-12-04 14:23:17,121: INFO: common: yaml file: config\config.yaml loaded successfully]
[2024-12-04 14:23:17,124: INFO: common: yaml file: params.yaml loaded successfully]
[2024-12-04 14:23:17,125: INFO: common: created directory at: artifacts]
[2024-12-04 14:28:16,919: INFO: common: yaml file: config\config.yaml loaded successfully]
[2024-12-04 14:28:16,922: INFO: common: yaml file: params.yaml loaded successfully]
[2024-12-04 14:28:16,924: INFO: common: created directory at: artifacts]
[2024-12-04 14:28:16,926: INFO: common: created directory at: artifacts/data_ingestion]
[2024-12-04 14:28:18,095: INFO: common: yaml file: config\config.yaml loaded successfully]
[2024-12-04 14:28:18,097: INFO: common: yaml file: params.yaml loaded successfully]
[2024-12-04 14:28:18,098: INFO: common: created directory at: artifacts]
[2024-12-04 14:30:07,482: INFO: common: yaml file: config\config.yaml loaded successfully]
[2024-12-04 14:30:07,485: INFO: common: yaml file: params.yaml loaded successfully]
[2024-12-04 14:30:07,487: INFO: common: created directory at: artifacts]
[2024-12-04 14:30:07,488: INFO: common: created directory at: artifacts/data_ingestion]
[2024-12-04 14:30:08,914: INFO: common: yaml file: config\config.yaml loaded successfully]
[2024-12-04 14:30:08,917: INFO: common: yaml file: params.yaml loaded successfully]
[2024-12-04 14:30:08,917: INFO: common: created directory at: artifacts]
[2024-12-04 14:30:37,476: INFO: common: yaml file: config\config.yaml loaded successfully]
[2024-12-04 14:30:37,479: INFO: common: yaml file: params.yaml loaded successfully]
[2024-12-04 14:30:37,480: INFO: common: created directory at: artifacts]
[2024-12-04 14:30:37,481: INFO: common: created directory at: artifacts/data_ingestion]
[2024-12-04 14:30:38,602: INFO: common: yaml file: config\config.yaml loaded successfully]
[2024-12-04 14:30:38,605: INFO: common: yaml file: params.yaml loaded successfully]
[2024-12-04 14:30:38,606: INFO: common: created directory at: artifacts]
[2024-12-04 14:30:51,547: INFO: common: yaml file: config\config.yaml loaded successfully]
[2024-12-04 14:30:51,550: INFO: common: yaml file: params.yaml loaded successfully]
[2024-12-04 14:30:51,551: INFO: common: created directory at: artifacts]
[2024-12-04 14:30:51,553: INFO: common: created directory at: artifacts/data_ingestion]
[2024-12-04 14:30:52,341: INFO: common: yaml file: config\config.yaml loaded successfully]
[2024-12-04 14:30:52,353: INFO: common: yaml file: params.yaml loaded successfully]
[2024-12-04 14:30:52,354: INFO: common: created directory at: artifacts]
[2024-12-04 14:30:52,432: INFO: common: yaml file: config\config.yaml loaded successfully]
[2024-12-04 14:30:52,434: INFO: common: yaml file: params.yaml loaded successfully]
[2024-12-04 14:30:52,435: INFO: common: created directory at: artifacts]
[2024-12-04 14:31:34,107: INFO: common: yaml file: config\config.yaml loaded successfully]
[2024-12-04 14:31:34,109: INFO: common: yaml file: params.yaml loaded successfully]
[2024-12-04 14:31:34,110: INFO: common: created directory at: artifacts]
[2024-12-04 14:31:34,242: INFO: common: yaml file: config\config.yaml loaded successfully]
[2024-12-04 14:31:34,243: INFO: common: yaml file: params.yaml loaded successfully]
[2024-12-04 14:31:34,244: INFO: common: created directory at: artifacts]
[2024-12-04 14:31:45,608: INFO: common: yaml file: config\config.yaml loaded successfully]
[2024-12-04 14:31:45,611: INFO: common: yaml file: params.yaml loaded successfully]
[2024-12-04 14:31:45,612: INFO: common: created directory at: artifacts]
[2024-12-04 14:31:45,614: INFO: common: created directory at: artifacts/data_ingestion]
[2024-12-04 14:31:48,261: INFO: common: yaml file: config\config.yaml loaded successfully]
[2024-12-04 14:31:48,265: INFO: common: yaml file: params.yaml loaded successfully]
[2024-12-04 14:31:48,266: INFO: common: created directory at: artifacts]
[2024-12-04 14:31:48,346: INFO: common: yaml file: config\config.yaml loaded successfully]
[2024-12-04 14:31:48,349: INFO: common: yaml file: params.yaml loaded successfully]
[2024-12-04 14:31:48,351: INFO: common: created directory at: artifacts]
[2024-12-04 14:32:22,843: INFO: common: yaml file: config\config.yaml loaded successfully]
[2024-12-04 14:32:22,846: INFO: common: yaml file: params.yaml loaded successfully]
[2024-12-04 14:32:22,848: INFO: common: created directory at: artifacts]
[2024-12-04 14:32:22,980: INFO: common: yaml file: config\config.yaml loaded successfully]
[2024-12-04 14:32:22,982: INFO: common: yaml file: params.yaml loaded successfully]
[2024-12-04 14:32:22,984: INFO: common: created directory at: artifacts]
[2024-12-04 14:35:48,248: INFO: common: yaml file: config\config.yaml loaded successfully]
[2024-12-04 14:35:48,252: INFO: common: yaml file: params.yaml loaded successfully]
[2024-12-04 14:35:48,253: INFO: common: created directory at: artifacts]
[2024-12-04 14:35:48,254: INFO: common: created directory at: artifacts/data_ingestion]
[2024-12-04 14:35:49,509: INFO: common: yaml file: config\config.yaml loaded successfully]
[2024-12-04 14:35:49,511: INFO: common: yaml file: params.yaml loaded successfully]
[2024-12-04 14:35:49,513: INFO: common: created directory at: artifacts]
[2024-12-04 14:35:49,586: INFO: common: yaml file: config\config.yaml loaded successfully]
[2024-12-04 14:35:49,589: INFO: common: yaml file: params.yaml loaded successfully]
[2024-12-04 14:35:49,590: INFO: common: created directory at: artifacts]
[2024-12-04 14:36:27,774: INFO: common: yaml file: config\config.yaml loaded successfully]
[2024-12-04 14:36:27,777: INFO: common: yaml file: params.yaml loaded successfully]
[2024-12-04 14:36:27,778: INFO: common: created directory at: artifacts]
[2024-12-04 14:36:27,907: INFO: common: yaml file: config\config.yaml loaded successfully]
[2024-12-04 14:36:27,909: INFO: common: yaml file: params.yaml loaded successfully]
[2024-12-04 14:36:27,910: INFO: common: created directory at: artifacts]
[2024-12-04 14:40:27,275: INFO: common: yaml file: config\config.yaml loaded successfully]
[2024-12-04 14:40:27,278: INFO: common: yaml file: params.yaml loaded successfully]
[2024-12-04 14:40:27,280: INFO: common: created directory at: artifacts]
[2024-12-04 14:40:27,281: INFO: common: created directory at: artifacts/data_ingestion]
[2024-12-04 14:40:28,791: INFO: common: yaml file: config\config.yaml loaded successfully]
[2024-12-04 14:40:28,794: INFO: common: yaml file: params.yaml loaded successfully]
[2024-12-04 14:40:28,795: INFO: common: created directory at: artifacts]
[2024-12-04 14:40:28,871: INFO: common: yaml file: config\config.yaml loaded successfully]
[2024-12-04 14:40:28,875: INFO: common: yaml file: params.yaml loaded successfully]
[2024-12-04 14:40:28,876: INFO: common: created directory at: artifacts]
[2024-12-04 14:41:18,323: INFO: common: yaml file: config\config.yaml loaded successfully]
[2024-12-04 14:41:18,326: INFO: common: yaml file: params.yaml loaded successfully]
[2024-12-04 14:41:18,327: INFO: common: created directory at: artifacts]
[2024-12-04 14:41:18,471: INFO: common: yaml file: config\config.yaml loaded successfully]
[2024-12-04 14:41:18,474: INFO: common: yaml file: params.yaml loaded successfully]
[2024-12-04 14:41:18,475: INFO: common: created directory at: artifacts]
[2024-12-04 14:42:48,040: INFO: common: yaml file: config\config.yaml loaded successfully]
[2024-12-04 14:42:48,046: INFO: common: yaml file: params.yaml loaded successfully]
[2024-12-04 14:42:48,048: INFO: common: created directory at: artifacts]
[2024-12-04 14:42:48,050: INFO: common: created directory at: artifacts/data_ingestion]
[2024-12-04 14:42:51,185: INFO: common: yaml file: config\config.yaml loaded successfully]
[2024-12-04 14:42:51,187: INFO: common: yaml file: params.yaml loaded successfully]
[2024-12-04 14:42:51,188: INFO: common: created directory at: artifacts]
[2024-12-04 14:42:51,264: INFO: common: yaml file: config\config.yaml loaded successfully]
[2024-12-04 14:42:51,267: INFO: common: yaml file: params.yaml loaded successfully]
[2024-12-04 14:42:51,268: INFO: common: created directory at: artifacts]
[2024-12-04 14:43:31,210: INFO: common: yaml file: config\config.yaml loaded successfully]
[2024-12-04 14:43:31,212: INFO: common: yaml file: params.yaml loaded successfully]
[2024-12-04 14:43:31,213: INFO: common: created directory at: artifacts]
[2024-12-04 14:43:31,367: INFO: common: yaml file: config\config.yaml loaded successfully]
[2024-12-04 14:43:31,369: INFO: common: yaml file: params.yaml loaded successfully]
[2024-12-04 14:43:31,371: INFO: common: created directory at: artifacts]
[2024-12-04 14:46:49,312: INFO: common: yaml file: config\config.yaml loaded successfully]
[2024-12-04 14:46:49,330: INFO: common: yaml file: params.yaml loaded successfully]
[2024-12-04 14:46:49,332: INFO: common: created directory at: artifacts]
[2024-12-04 14:46:49,334: INFO: common: created directory at: artifacts/data_ingestion]
[2024-12-04 14:46:50,357: INFO: common: yaml file: config\config.yaml loaded successfully]
[2024-12-04 14:46:50,359: INFO: common: yaml file: params.yaml loaded successfully]
[2024-12-04 14:46:50,360: INFO: common: created directory at: artifacts]
[2024-12-04 14:46:50,473: INFO: common: yaml file: config\config.yaml loaded successfully]
[2024-12-04 14:46:50,475: INFO: common: yaml file: params.yaml loaded successfully]
[2024-12-04 14:46:50,476: INFO: common: created directory at: artifacts]
[2024-12-04 14:47:36,830: INFO: common: yaml file: config\config.yaml loaded successfully]
[2024-12-04 14:47:36,835: INFO: common: yaml file: params.yaml loaded successfully]
[2024-12-04 14:47:36,836: INFO: common: created directory at: artifacts]
[2024-12-04 14:47:36,969: INFO: common: yaml file: config\config.yaml loaded successfully]
[2024-12-04 14:47:36,973: INFO: common: yaml file: params.yaml loaded successfully]
[2024-12-04 14:47:36,975: INFO: common: created directory at: artifacts]
[2024-12-04 14:51:16,006: INFO: common: yaml file: config\config.yaml loaded successfully]
[2024-12-04 14:51:16,013: INFO: common: yaml file: params.yaml loaded successfully]
[2024-12-04 14:51:16,015: INFO: common: created directory at: artifacts]
[2024-12-04 14:51:16,016: INFO: common: created directory at: artifacts/data_ingestion]
[2024-12-04 14:51:18,828: INFO: common: yaml file: config\config.yaml loaded successfully]
[2024-12-04 14:51:18,830: INFO: common: yaml file: params.yaml loaded successfully]
[2024-12-04 14:51:18,830: INFO: common: created directory at: artifacts]
[2024-12-04 14:51:18,935: INFO: common: yaml file: config\config.yaml loaded successfully]
[2024-12-04 14:51:18,938: INFO: common: yaml file: params.yaml loaded successfully]
[2024-12-04 14:51:18,939: INFO: common: created directory at: artifacts]
[2024-12-04 14:51:59,606: INFO: common: yaml file: config\config.yaml loaded successfully]
[2024-12-04 14:51:59,609: INFO: common: yaml file: params.yaml loaded successfully]
[2024-12-04 14:51:59,610: INFO: common: created directory at: artifacts]
[2024-12-04 14:51:59,764: INFO: common: yaml file: config\config.yaml loaded successfully]
[2024-12-04 14:51:59,765: INFO: common: yaml file: params.yaml loaded successfully]
[2024-12-04 14:51:59,766: INFO: common: created directory at: artifacts]
[2024-12-04 14:55:13,690: INFO: common: yaml file: config\config.yaml loaded successfully]
[2024-12-04 14:55:13,693: INFO: common: yaml file: params.yaml loaded successfully]
[2024-12-04 14:55:13,693: INFO: common: created directory at: artifacts]
[2024-12-04 14:55:13,694: INFO: common: created directory at: artifacts/data_ingestion]
[2024-12-04 14:55:16,298: INFO: common: yaml file: config\config.yaml loaded successfully]
[2024-12-04 14:55:16,298: INFO: common: yaml file: params.yaml loaded successfully]
[2024-12-04 14:55:16,300: INFO: common: created directory at: artifacts]
[2024-12-04 14:55:16,350: INFO: common: yaml file: config\config.yaml loaded successfully]
[2024-12-04 14:55:16,351: INFO: common: yaml file: params.yaml loaded successfully]
[2024-12-04 14:55:16,351: INFO: common: created directory at: artifacts]
[2024-12-04 14:55:35,637: INFO: common: yaml file: config\config.yaml loaded successfully]
[2024-12-04 14:55:35,638: INFO: common: yaml file: params.yaml loaded successfully]
[2024-12-04 14:55:35,638: INFO: common: created directory at: artifacts]
[2024-12-04 14:55:35,691: INFO: common: yaml file: config\config.yaml loaded successfully]
[2024-12-04 14:55:35,692: INFO: common: yaml file: params.yaml loaded successfully]
[2024-12-04 14:55:35,692: INFO: common: created directory at: artifacts]
[2024-12-04 14:57:12,900: INFO: common: yaml file: config\config.yaml loaded successfully]
[2024-12-04 14:57:12,903: INFO: common: yaml file: params.yaml loaded successfully]
[2024-12-04 14:57:12,904: INFO: common: created directory at: artifacts]
[2024-12-04 14:57:12,904: INFO: common: created directory at: artifacts/data_ingestion]
[2024-12-04 14:57:14,307: INFO: common: yaml file: config\config.yaml loaded successfully]
[2024-12-04 14:57:14,308: INFO: common: yaml file: params.yaml loaded successfully]
[2024-12-04 14:57:14,308: INFO: common: created directory at: artifacts]
[2024-12-04 14:57:14,359: INFO: common: yaml file: config\config.yaml loaded successfully]
[2024-12-04 14:57:14,360: INFO: common: yaml file: params.yaml loaded successfully]
[2024-12-04 14:57:14,360: INFO: common: created directory at: artifacts]
[2024-12-04 14:57:34,448: INFO: common: yaml file: config\config.yaml loaded successfully]
[2024-12-04 14:57:34,449: INFO: common: yaml file: params.yaml loaded successfully]
[2024-12-04 14:57:34,450: INFO: common: created directory at: artifacts]
[2024-12-04 14:57:34,501: INFO: common: yaml file: config\config.yaml loaded successfully]
[2024-12-04 14:57:34,502: INFO: common: yaml file: params.yaml loaded successfully]
[2024-12-04 14:57:34,503: INFO: common: created directory at: artifacts]
[2024-12-04 15:00:17,133: INFO: common: yaml file: config\config.yaml loaded successfully]
[2024-12-04 15:00:17,134: INFO: common: yaml file: params.yaml loaded successfully]
[2024-12-04 15:00:17,135: INFO: common: created directory at: artifacts]
[2024-12-04 15:00:17,135: INFO: common: created directory at: artifacts/data_ingestion]
[2024-12-04 15:00:20,178: INFO: common: yaml file: config\config.yaml loaded successfully]
[2024-12-04 15:00:20,180: INFO: common: yaml file: params.yaml loaded successfully]
[2024-12-04 15:00:20,180: INFO: common: created directory at: artifacts]
[2024-12-04 15:00:20,217: INFO: common: yaml file: config\config.yaml loaded successfully]
[2024-12-04 15:00:20,218: INFO: common: yaml file: params.yaml loaded successfully]
[2024-12-04 15:00:20,218: INFO: common: created directory at: artifacts]
[2024-12-04 15:00:39,876: INFO: common: yaml file: config\config.yaml loaded successfully]
[2024-12-04 15:00:39,876: INFO: common: yaml file: params.yaml loaded successfully]
[2024-12-04 15:00:39,878: INFO: common: created directory at: artifacts]
[2024-12-04 15:00:39,930: INFO: common: yaml file: config\config.yaml loaded successfully]
[2024-12-04 15:00:39,931: INFO: common: yaml file: params.yaml loaded successfully]
[2024-12-04 15:00:39,931: INFO: common: created directory at: artifacts]
[2024-12-04 15:14:15,424: INFO: common: yaml file: config\config.yaml loaded successfully]
[2024-12-04 15:14:15,429: INFO: common: yaml file: params.yaml loaded successfully]
[2024-12-04 15:14:15,430: INFO: common: created directory at: artifacts]
[2024-12-04 15:14:15,431: INFO: common: created directory at: artifacts/data_ingestion]
[2024-12-04 15:14:19,053: INFO: common: yaml file: config\config.yaml loaded successfully]
[2024-12-04 15:14:19,055: INFO: common: yaml file: params.yaml loaded successfully]
[2024-12-04 15:14:19,055: INFO: common: created directory at: artifacts]
[2024-12-04 15:14:19,137: INFO: common: yaml file: config\config.yaml loaded successfully]
[2024-12-04 15:14:19,138: INFO: common: yaml file: params.yaml loaded successfully]
[2024-12-04 15:14:19,138: INFO: common: created directory at: artifacts]
[2024-12-04 15:14:42,562: INFO: common: yaml file: config\config.yaml loaded successfully]
[2024-12-04 15:14:42,565: INFO: common: yaml file: params.yaml loaded successfully]
[2024-12-04 15:14:42,566: INFO: common: created directory at: artifacts]
[2024-12-04 15:14:42,622: INFO: common: yaml file: config\config.yaml loaded successfully]
[2024-12-04 15:14:42,623: INFO: common: yaml file: params.yaml loaded successfully]
[2024-12-04 15:14:42,623: INFO: common: created directory at: artifacts]
[2024-12-04 15:17:10,239: INFO: common: yaml file: config\config.yaml loaded successfully]
[2024-12-04 15:17:10,240: INFO: common: yaml file: params.yaml loaded successfully]
[2024-12-04 15:17:10,241: INFO: common: created directory at: artifacts]
[2024-12-04 15:17:10,241: INFO: common: created directory at: artifacts/data_ingestion]
[2024-12-04 15:17:11,779: INFO: common: yaml file: config\config.yaml loaded successfully]
[2024-12-04 15:17:11,781: INFO: common: yaml file: params.yaml loaded successfully]
[2024-12-04 15:17:11,781: INFO: common: created directory at: artifacts]
[2024-12-04 15:17:11,853: INFO: common: yaml file: config\config.yaml loaded successfully]
[2024-12-04 15:17:11,855: INFO: common: yaml file: params.yaml loaded successfully]
[2024-12-04 15:17:11,855: INFO: common: created directory at: artifacts]
[2024-12-04 15:17:32,469: INFO: common: yaml file: config\config.yaml loaded successfully]
[2024-12-04 15:17:32,471: INFO: common: yaml file: params.yaml loaded successfully]
[2024-12-04 15:17:32,471: INFO: common: created directory at: artifacts]
[2024-12-04 15:17:32,529: INFO: common: yaml file: config\config.yaml loaded successfully]
[2024-12-04 15:17:32,530: INFO: common: yaml file: params.yaml loaded successfully]
[2024-12-04 15:17:32,531: INFO: common: created directory at: artifacts]
[2024-12-07 17:42:12,424: INFO: common: yaml file: config\config.yaml loaded successfully]
[2024-12-07 17:42:12,442: INFO: common: yaml file: params.yaml loaded successfully]
[2024-12-07 17:42:12,444: INFO: common: created directory at: artifacts]
[2024-12-07 17:42:12,445: INFO: common: created directory at: artifacts/data_ingestion]
[2024-12-07 17:42:17,878: INFO: common: yaml file: config\config.yaml loaded successfully]
[2024-12-07 17:42:17,881: INFO: common: yaml file: params.yaml loaded successfully]
[2024-12-07 17:42:17,882: INFO: common: created directory at: artifacts]
[2024-12-07 17:42:17,988: INFO: common: yaml file: config\config.yaml loaded successfully]
[2024-12-07 17:42:17,990: INFO: common: yaml file: params.yaml loaded successfully]
[2024-12-07 17:42:17,991: INFO: common: created directory at: artifacts]
[2024-12-07 17:43:05,234: INFO: common: yaml file: config\config.yaml loaded successfully]
[2024-12-07 17:43:05,235: INFO: common: yaml file: params.yaml loaded successfully]
[2024-12-07 17:43:05,238: INFO: common: created directory at: artifacts]
[2024-12-07 17:43:05,428: INFO: common: yaml file: config\config.yaml loaded successfully]
[2024-12-07 17:43:05,430: INFO: common: yaml file: params.yaml loaded successfully]
[2024-12-07 17:43:05,431: INFO: common: created directory at: artifacts]
[2024-12-07 18:02:31,534: INFO: common: yaml file: config\config.yaml loaded successfully]
[2024-12-07 18:02:31,534: INFO: common: yaml file: config\config.yaml loaded successfully]
[2024-12-07 18:02:31,535: INFO: common: yaml file: config\config.yaml loaded successfully]
[2024-12-07 18:02:31,540: INFO: common: yaml file: params.yaml loaded successfully]
[2024-12-07 18:02:31,541: INFO: common: yaml file: params.yaml loaded successfully]
[2024-12-07 18:02:31,541: INFO: common: yaml file: params.yaml loaded successfully]
[2024-12-07 18:02:31,541: INFO: common: yaml file: params.yaml loaded successfully]
[2024-12-07 18:02:31,542: INFO: common: created directory at: artifacts]
[2024-12-07 18:02:31,542: INFO: common: created directory at: artifacts]
[2024-12-07 18:02:31,543: INFO: common: created directory at: artifacts/data_ingestion]
[2024-12-07 18:02:31,543: INFO: common: created directory at: artifacts]
[2024-12-07 18:02:31,543: INFO: common: created directory at: artifacts/data_ingestion]
[2024-12-07 18:02:31,543: INFO: common: created directory at: artifacts/data_ingestion]
[2024-12-07 18:02:31,544: INFO: common: created directory at: artifacts/data_ingestion]
[2024-12-07 18:02:33,324: INFO: common: yaml file: config\config.yaml loaded successfully]
[2024-12-07 18:02:33,327: INFO: common: yaml file: params.yaml loaded successfully]
[2024-12-07 18:02:33,328: INFO: common: created directory at: artifacts]
[2024-12-07 18:02:33,472: INFO: common: yaml file: config\config.yaml loaded successfully]
[2024-12-07 18:02:33,474: INFO: common: yaml file: params.yaml loaded successfully]
[2024-12-07 18:02:33,475: INFO: common: created directory at: artifacts]
[2024-12-07 18:02:34,262: INFO: common: yaml file: config\config.yaml loaded successfully]
[2024-12-07 18:02:34,265: INFO: common: yaml file: params.yaml loaded successfully]
[2024-12-07 18:02:34,275: INFO: common: created directory at: artifacts]
[2024-12-07 18:02:34,476: INFO: common: yaml file: config\config.yaml loaded successfully]
[2024-12-07 18:02:34,545: INFO: common: yaml file: params.yaml loaded successfully]
[2024-12-07 18:02:34,548: INFO: common: created directory at: artifacts]
[2024-12-07 18:02:35,485: INFO: common: yaml file: config\config.yaml loaded successfully]
[2024-12-07 18:02:35,488: INFO: common: yaml file: params.yaml loaded successfully]
[2024-12-07 18:02:35,490: INFO: common: created directory at: artifacts]
[2024-12-07 18:02:35,697: INFO: common: yaml file: config\config.yaml loaded successfully]
[2024-12-07 18:02:35,720: INFO: common: yaml file: params.yaml loaded successfully]
[2024-12-07 18:02:35,751: INFO: common: created directory at: artifacts]
[2024-12-07 18:02:36,402: INFO: common: yaml file: config\config.yaml loaded successfully]
[2024-12-07 18:02:36,405: INFO: common: yaml file: params.yaml loaded successfully]
[2024-12-07 18:02:36,407: INFO: common: created directory at: artifacts]
[2024-12-07 18:02:36,833: INFO: common: yaml file: config\config.yaml loaded successfully]
[2024-12-07 18:02:36,838: INFO: common: yaml file: params.yaml loaded successfully]
[2024-12-07 18:02:36,841: INFO: common: created directory at: artifacts]
[2024-12-07 18:05:29,621: INFO: common: yaml file: config\config.yaml loaded successfully]
[2024-12-07 18:05:29,626: INFO: common: yaml file: params.yaml loaded successfully]
[2024-12-07 18:05:29,627: INFO: common: created directory at: artifacts]
[2024-12-07 18:05:29,628: INFO: common: created directory at: artifacts/data_ingestion]
[2024-12-07 18:05:30,846: INFO: common: yaml file: config\config.yaml loaded successfully]
[2024-12-07 18:05:30,849: INFO: common: yaml file: params.yaml loaded successfully]
[2024-12-07 18:05:30,850: INFO: common: created directory at: artifacts]
[2024-12-07 18:05:30,942: INFO: common: yaml file: config\config.yaml loaded successfully]
[2024-12-07 18:05:30,945: INFO: common: yaml file: params.yaml loaded successfully]
[2024-12-07 18:05:30,946: INFO: common: created directory at: artifacts]
[2024-12-07 18:05:50,823: INFO: common: yaml file: config\config.yaml loaded successfully]
[2024-12-07 18:05:50,825: INFO: common: yaml file: params.yaml loaded successfully]
[2024-12-07 18:05:50,826: INFO: common: created directory at: artifacts]
[2024-12-07 18:05:51,319: ERROR: utils: Form data requires "python-multipart" to be installed. 
You can install "python-multipart" with: 

pip install python-multipart
]
[2024-12-07 18:06:45,067: INFO: common: yaml file: config\config.yaml loaded successfully]
[2024-12-07 18:06:45,070: INFO: common: yaml file: params.yaml loaded successfully]
[2024-12-07 18:06:45,071: INFO: common: created directory at: artifacts]
[2024-12-07 18:06:45,463: ERROR: utils: Form data requires "python-multipart" to be installed. 
You can install "python-multipart" with: 

pip install python-multipart
]
[2024-12-07 18:08:12,799: INFO: common: yaml file: config\config.yaml loaded successfully]
[2024-12-07 18:08:12,801: INFO: common: yaml file: params.yaml loaded successfully]
[2024-12-07 18:08:12,802: INFO: common: created directory at: artifacts]
[2024-12-07 18:08:13,248: INFO: config: Will watch for changes in these directories: ['C:\\Users\\Sid\\Desktop\\MLOps Projects\\NoCaptcha_MLops']]
[2024-12-07 18:08:13,251: INFO: config: Uvicorn running on http://127.0.0.1:8000 (Press CTRL+C to quit)]
[2024-12-07 18:08:13,255: INFO: basereload: Started reloader process [3068] using WatchFiles]
[2024-12-07 18:08:17,485: INFO: common: yaml file: config\config.yaml loaded successfully]
[2024-12-07 18:08:17,488: INFO: common: yaml file: params.yaml loaded successfully]
[2024-12-07 18:08:17,488: INFO: common: created directory at: artifacts]
[2024-12-07 18:08:17,955: INFO: server: Started server process [3736]]
[2024-12-07 18:08:17,966: INFO: on: Waiting for application startup.]
[2024-12-07 18:08:17,969: INFO: on: Application startup complete.]
[2024-12-07 18:10:11,864: INFO: server: Shutting down]
[2024-12-07 18:10:11,974: INFO: on: Waiting for application shutdown.]
[2024-12-07 18:10:11,976: INFO: on: Application shutdown complete.]
[2024-12-07 18:10:11,978: INFO: server: Finished server process [3736]]
[2024-12-07 18:10:12,400: INFO: basereload: Stopping reloader process [3068]]
[2024-12-07 18:10:19,233: INFO: common: yaml file: config\config.yaml loaded successfully]
[2024-12-07 18:10:19,236: INFO: common: yaml file: params.yaml loaded successfully]
[2024-12-07 18:10:19,237: INFO: common: created directory at: artifacts]
[2024-12-07 18:10:19,814: INFO: config: Will watch for changes in these directories: ['C:\\Users\\Sid\\Desktop\\MLOps Projects\\NoCaptcha_MLops']]
[2024-12-07 18:10:19,817: INFO: config: Uvicorn running on http://127.0.0.1:8000 (Press CTRL+C to quit)]
[2024-12-07 18:10:19,821: INFO: basereload: Started reloader process [14864] using WatchFiles]
[2024-12-07 18:10:23,700: INFO: common: yaml file: config\config.yaml loaded successfully]
[2024-12-07 18:10:23,703: INFO: common: yaml file: params.yaml loaded successfully]
[2024-12-07 18:10:23,704: INFO: common: created directory at: artifacts]
[2024-12-07 18:10:24,176: INFO: server: Started server process [2060]]
[2024-12-07 18:10:24,184: INFO: on: Waiting for application startup.]
[2024-12-07 18:10:24,186: INFO: on: Application startup complete.]
[2024-12-07 18:10:48,131: INFO: common: yaml file: config\config.yaml loaded successfully]
[2024-12-07 18:10:48,133: INFO: common: yaml file: params.yaml loaded successfully]
[2024-12-07 18:10:48,134: INFO: common: created directory at: artifacts]
[2024-12-07 18:11:22,171: WARNING: basereload: WatchFiles detected changes in 'app.py'. Reloading...]
[2024-12-07 18:11:22,295: INFO: server: Shutting down]
[2024-12-07 18:11:22,403: INFO: on: Waiting for application shutdown.]
[2024-12-07 18:11:22,406: INFO: on: Application shutdown complete.]
[2024-12-07 18:11:22,407: INFO: server: Finished server process [2060]]
[2024-12-07 18:11:23,957: WARNING: basereload: WatchFiles detected changes in 'app.py'. Reloading...]
[2024-12-07 18:11:26,874: INFO: common: yaml file: config\config.yaml loaded successfully]
[2024-12-07 18:11:26,876: INFO: common: yaml file: params.yaml loaded successfully]
[2024-12-07 18:11:26,877: INFO: common: created directory at: artifacts]
[2024-12-07 18:11:27,323: INFO: server: Started server process [6252]]
[2024-12-07 18:11:27,330: INFO: on: Waiting for application startup.]
[2024-12-07 18:11:27,334: INFO: on: Application startup complete.]
[2024-12-07 18:11:27,411: ERROR: on: Traceback (most recent call last):
  File "C:\Program Files\WindowsApps\PythonSoftwareFoundation.Python.3.11_3.11.2544.0_x64__qbz5n2kfra8p0\Lib\asyncio\runners.py", line 118, in run
    return self._loop.run_until_complete(task)
           ^^^^^^^^^^^^^^^^^^^^^^^^^^^^^^^^^^^
  File "C:\Program Files\WindowsApps\PythonSoftwareFoundation.Python.3.11_3.11.2544.0_x64__qbz5n2kfra8p0\Lib\asyncio\base_events.py", line 654, in run_until_complete
    return future.result()
           ^^^^^^^^^^^^^^^
asyncio.exceptions.CancelledError

During handling of the above exception, another exception occurred:

Traceback (most recent call last):
  File "C:\Program Files\WindowsApps\PythonSoftwareFoundation.Python.3.11_3.11.2544.0_x64__qbz5n2kfra8p0\Lib\asyncio\runners.py", line 190, in run
    return runner.run(main)
           ^^^^^^^^^^^^^^^^
  File "C:\Program Files\WindowsApps\PythonSoftwareFoundation.Python.3.11_3.11.2544.0_x64__qbz5n2kfra8p0\Lib\asyncio\runners.py", line 123, in run
    raise KeyboardInterrupt()
KeyboardInterrupt

During handling of the above exception, another exception occurred:

Traceback (most recent call last):
  File "C:\Users\Sid\Desktop\MLOps Projects\NoCaptcha_MLops\env\Lib\site-packages\starlette\routing.py", line 700, in lifespan
    await receive()
  File "C:\Users\Sid\Desktop\MLOps Projects\NoCaptcha_MLops\env\Lib\site-packages\uvicorn\lifespan\on.py", line 137, in receive
    return await self.receive_queue.get()
           ^^^^^^^^^^^^^^^^^^^^^^^^^^^^^^
  File "C:\Program Files\WindowsApps\PythonSoftwareFoundation.Python.3.11_3.11.2544.0_x64__qbz5n2kfra8p0\Lib\asyncio\queues.py", line 158, in get
    await getter
asyncio.exceptions.CancelledError
]
[2024-12-07 18:11:31,460: INFO: common: yaml file: config\config.yaml loaded successfully]
[2024-12-07 18:11:31,463: INFO: common: yaml file: params.yaml loaded successfully]
[2024-12-07 18:11:31,464: INFO: common: created directory at: artifacts]
[2024-12-07 18:11:31,883: INFO: server: Started server process [13888]]
[2024-12-07 18:11:31,891: INFO: on: Waiting for application startup.]
[2024-12-07 18:11:31,894: INFO: on: Application startup complete.]
[2024-12-07 18:11:39,937: INFO: common: yaml file: config\config.yaml loaded successfully]
[2024-12-07 18:11:39,941: INFO: common: yaml file: params.yaml loaded successfully]
[2024-12-07 18:11:39,942: INFO: common: created directory at: artifacts]
[2024-12-07 18:11:48,049: INFO: common: yaml file: config\config.yaml loaded successfully]
[2024-12-07 18:11:48,052: INFO: common: yaml file: params.yaml loaded successfully]
[2024-12-07 18:11:48,052: INFO: common: created directory at: artifacts]
[2024-12-07 18:11:57,312: WARNING: basereload: WatchFiles detected changes in 'app.py'. Reloading...]
[2024-12-07 18:11:57,400: INFO: server: Shutting down]
[2024-12-07 18:11:57,509: INFO: on: Waiting for application shutdown.]
[2024-12-07 18:11:57,512: INFO: on: Application shutdown complete.]
[2024-12-07 18:11:57,513: INFO: server: Finished server process [13888]]
[2024-12-07 18:12:01,727: INFO: common: yaml file: config\config.yaml loaded successfully]
[2024-12-07 18:12:01,730: INFO: common: yaml file: params.yaml loaded successfully]
[2024-12-07 18:12:01,732: INFO: common: created directory at: artifacts]
[2024-12-07 18:12:02,145: INFO: server: Started server process [4364]]
[2024-12-07 18:12:02,153: INFO: on: Waiting for application startup.]
[2024-12-07 18:12:02,155: INFO: on: Application startup complete.]
[2024-12-07 18:12:11,661: WARNING: basereload: WatchFiles detected changes in 'app.py'. Reloading...]
[2024-12-07 18:12:11,691: INFO: server: Shutting down]
[2024-12-07 18:12:11,801: INFO: on: Waiting for application shutdown.]
[2024-12-07 18:12:11,805: INFO: on: Application shutdown complete.]
[2024-12-07 18:12:11,806: INFO: server: Finished server process [4364]]
[2024-12-07 18:12:13,622: WARNING: basereload: WatchFiles detected changes in 'app.py'. Reloading...]
[2024-12-07 18:12:16,062: INFO: common: yaml file: config\config.yaml loaded successfully]
[2024-12-07 18:12:16,065: INFO: common: yaml file: params.yaml loaded successfully]
[2024-12-07 18:12:16,066: INFO: common: created directory at: artifacts]
[2024-12-07 18:12:16,494: INFO: server: Started server process [10896]]
[2024-12-07 18:12:16,502: INFO: on: Waiting for application startup.]
[2024-12-07 18:12:16,505: INFO: on: Application startup complete.]
[2024-12-07 18:12:16,513: ERROR: on: Traceback (most recent call last):
  File "C:\Program Files\WindowsApps\PythonSoftwareFoundation.Python.3.11_3.11.2544.0_x64__qbz5n2kfra8p0\Lib\asyncio\runners.py", line 118, in run
    return self._loop.run_until_complete(task)
           ^^^^^^^^^^^^^^^^^^^^^^^^^^^^^^^^^^^
  File "C:\Program Files\WindowsApps\PythonSoftwareFoundation.Python.3.11_3.11.2544.0_x64__qbz5n2kfra8p0\Lib\asyncio\base_events.py", line 654, in run_until_complete
    return future.result()
           ^^^^^^^^^^^^^^^
asyncio.exceptions.CancelledError

During handling of the above exception, another exception occurred:

Traceback (most recent call last):
  File "C:\Program Files\WindowsApps\PythonSoftwareFoundation.Python.3.11_3.11.2544.0_x64__qbz5n2kfra8p0\Lib\asyncio\runners.py", line 190, in run
    return runner.run(main)
           ^^^^^^^^^^^^^^^^
  File "C:\Program Files\WindowsApps\PythonSoftwareFoundation.Python.3.11_3.11.2544.0_x64__qbz5n2kfra8p0\Lib\asyncio\runners.py", line 123, in run
    raise KeyboardInterrupt()
KeyboardInterrupt

During handling of the above exception, another exception occurred:

Traceback (most recent call last):
  File "C:\Users\Sid\Desktop\MLOps Projects\NoCaptcha_MLops\env\Lib\site-packages\starlette\routing.py", line 700, in lifespan
    await receive()
  File "C:\Users\Sid\Desktop\MLOps Projects\NoCaptcha_MLops\env\Lib\site-packages\uvicorn\lifespan\on.py", line 137, in receive
    return await self.receive_queue.get()
           ^^^^^^^^^^^^^^^^^^^^^^^^^^^^^^
  File "C:\Program Files\WindowsApps\PythonSoftwareFoundation.Python.3.11_3.11.2544.0_x64__qbz5n2kfra8p0\Lib\asyncio\queues.py", line 158, in get
    await getter
asyncio.exceptions.CancelledError
]
[2024-12-07 18:12:20,541: INFO: common: yaml file: config\config.yaml loaded successfully]
[2024-12-07 18:12:20,544: INFO: common: yaml file: params.yaml loaded successfully]
[2024-12-07 18:12:20,545: INFO: common: created directory at: artifacts]
[2024-12-07 18:12:20,996: INFO: server: Started server process [14828]]
[2024-12-07 18:12:21,005: INFO: on: Waiting for application startup.]
[2024-12-07 18:12:21,007: INFO: on: Application startup complete.]
[2024-12-07 18:12:32,981: INFO: common: yaml file: config\config.yaml loaded successfully]
[2024-12-07 18:12:32,985: INFO: common: yaml file: params.yaml loaded successfully]
[2024-12-07 18:12:32,986: INFO: common: created directory at: artifacts]
[2024-12-07 18:13:24,492: WARNING: basereload: WatchFiles detected changes in 'src\NoCaptcha_MLOps\pipeline\prediction_pipeline.py'. Reloading...]
[2024-12-07 18:13:24,596: INFO: server: Shutting down]
[2024-12-07 18:13:24,704: INFO: on: Waiting for application shutdown.]
[2024-12-07 18:13:24,707: INFO: on: Application shutdown complete.]
[2024-12-07 18:13:24,709: INFO: server: Finished server process [14828]]
[2024-12-07 18:13:25,596: WARNING: basereload: WatchFiles detected changes in 'src\NoCaptcha_MLOps\pipeline\prediction_pipeline.py'. Reloading...]
[2024-12-07 18:13:29,669: INFO: common: yaml file: config\config.yaml loaded successfully]
[2024-12-07 18:13:29,672: INFO: common: yaml file: params.yaml loaded successfully]
[2024-12-07 18:13:29,673: INFO: common: created directory at: artifacts]
[2024-12-07 18:13:30,116: INFO: server: Started server process [2856]]
[2024-12-07 18:13:30,122: INFO: on: Waiting for application startup.]
[2024-12-07 18:13:30,125: INFO: on: Application startup complete.]
[2024-12-07 18:13:48,269: INFO: common: yaml file: config\config.yaml loaded successfully]
[2024-12-07 18:13:48,276: INFO: common: yaml file: params.yaml loaded successfully]
[2024-12-07 18:13:48,277: INFO: common: created directory at: artifacts]
[2024-12-07 18:14:15,271: WARNING: basereload: WatchFiles detected changes in 'app.py'. Reloading...]
[2024-12-07 18:14:15,301: INFO: server: Shutting down]
[2024-12-07 18:14:15,408: INFO: on: Waiting for application shutdown.]
[2024-12-07 18:14:15,411: INFO: on: Application shutdown complete.]
[2024-12-07 18:14:15,413: INFO: server: Finished server process [2856]]
[2024-12-07 18:14:16,592: WARNING: basereload: WatchFiles detected changes in 'app.py'. Reloading...]
[2024-12-07 18:14:19,713: INFO: common: yaml file: config\config.yaml loaded successfully]
[2024-12-07 18:14:19,715: INFO: common: yaml file: params.yaml loaded successfully]
[2024-12-07 18:14:19,716: INFO: common: created directory at: artifacts]
[2024-12-07 18:14:20,181: INFO: server: Started server process [14804]]
[2024-12-07 18:14:20,192: INFO: on: Waiting for application startup.]
[2024-12-07 18:14:20,194: INFO: on: Application startup complete.]
[2024-12-07 18:14:20,203: ERROR: on: Traceback (most recent call last):
  File "C:\Program Files\WindowsApps\PythonSoftwareFoundation.Python.3.11_3.11.2544.0_x64__qbz5n2kfra8p0\Lib\asyncio\runners.py", line 118, in run
    return self._loop.run_until_complete(task)
           ^^^^^^^^^^^^^^^^^^^^^^^^^^^^^^^^^^^
  File "C:\Program Files\WindowsApps\PythonSoftwareFoundation.Python.3.11_3.11.2544.0_x64__qbz5n2kfra8p0\Lib\asyncio\base_events.py", line 654, in run_until_complete
    return future.result()
           ^^^^^^^^^^^^^^^
asyncio.exceptions.CancelledError

During handling of the above exception, another exception occurred:

Traceback (most recent call last):
  File "C:\Program Files\WindowsApps\PythonSoftwareFoundation.Python.3.11_3.11.2544.0_x64__qbz5n2kfra8p0\Lib\asyncio\runners.py", line 190, in run
    return runner.run(main)
           ^^^^^^^^^^^^^^^^
  File "C:\Program Files\WindowsApps\PythonSoftwareFoundation.Python.3.11_3.11.2544.0_x64__qbz5n2kfra8p0\Lib\asyncio\runners.py", line 123, in run
    raise KeyboardInterrupt()
KeyboardInterrupt

During handling of the above exception, another exception occurred:

Traceback (most recent call last):
  File "C:\Users\Sid\Desktop\MLOps Projects\NoCaptcha_MLops\env\Lib\site-packages\starlette\routing.py", line 700, in lifespan
    await receive()
  File "C:\Users\Sid\Desktop\MLOps Projects\NoCaptcha_MLops\env\Lib\site-packages\uvicorn\lifespan\on.py", line 137, in receive
    return await self.receive_queue.get()
           ^^^^^^^^^^^^^^^^^^^^^^^^^^^^^^
  File "C:\Program Files\WindowsApps\PythonSoftwareFoundation.Python.3.11_3.11.2544.0_x64__qbz5n2kfra8p0\Lib\asyncio\queues.py", line 158, in get
    await getter
asyncio.exceptions.CancelledError
]
[2024-12-07 18:14:24,483: INFO: common: yaml file: config\config.yaml loaded successfully]
[2024-12-07 18:14:24,484: INFO: common: yaml file: params.yaml loaded successfully]
[2024-12-07 18:14:24,485: INFO: common: created directory at: artifacts]
[2024-12-07 18:14:24,927: INFO: server: Started server process [13792]]
[2024-12-07 18:14:24,936: INFO: on: Waiting for application startup.]
[2024-12-07 18:14:24,940: INFO: on: Application startup complete.]
[2024-12-07 18:14:38,900: INFO: common: yaml file: config\config.yaml loaded successfully]
[2024-12-07 18:14:38,903: INFO: common: yaml file: params.yaml loaded successfully]
[2024-12-07 18:14:38,904: INFO: common: created directory at: artifacts]
[2024-12-07 18:15:56,040: WARNING: basereload: WatchFiles detected changes in 'app.py'. Reloading...]
[2024-12-07 18:15:56,173: INFO: server: Shutting down]
[2024-12-07 18:15:56,281: INFO: on: Waiting for application shutdown.]
[2024-12-07 18:15:56,283: INFO: on: Application shutdown complete.]
[2024-12-07 18:15:56,286: INFO: server: Finished server process [13792]]
[2024-12-07 18:15:57,430: WARNING: basereload: WatchFiles detected changes in 'app.py'. Reloading...]
[2024-12-07 18:16:00,356: INFO: common: yaml file: config\config.yaml loaded successfully]
[2024-12-07 18:16:00,359: INFO: common: yaml file: params.yaml loaded successfully]
[2024-12-07 18:16:00,360: INFO: common: created directory at: artifacts]
[2024-12-07 18:16:00,830: INFO: server: Started server process [3240]]
[2024-12-07 18:16:00,840: INFO: on: Waiting for application startup.]
[2024-12-07 18:16:00,842: INFO: on: Application startup complete.]
[2024-12-07 18:16:00,850: ERROR: on: Traceback (most recent call last):
  File "C:\Program Files\WindowsApps\PythonSoftwareFoundation.Python.3.11_3.11.2544.0_x64__qbz5n2kfra8p0\Lib\asyncio\runners.py", line 118, in run
    return self._loop.run_until_complete(task)
           ^^^^^^^^^^^^^^^^^^^^^^^^^^^^^^^^^^^
  File "C:\Program Files\WindowsApps\PythonSoftwareFoundation.Python.3.11_3.11.2544.0_x64__qbz5n2kfra8p0\Lib\asyncio\base_events.py", line 654, in run_until_complete
    return future.result()
           ^^^^^^^^^^^^^^^
asyncio.exceptions.CancelledError

During handling of the above exception, another exception occurred:

Traceback (most recent call last):
  File "C:\Program Files\WindowsApps\PythonSoftwareFoundation.Python.3.11_3.11.2544.0_x64__qbz5n2kfra8p0\Lib\asyncio\runners.py", line 190, in run
    return runner.run(main)
           ^^^^^^^^^^^^^^^^
  File "C:\Program Files\WindowsApps\PythonSoftwareFoundation.Python.3.11_3.11.2544.0_x64__qbz5n2kfra8p0\Lib\asyncio\runners.py", line 123, in run
    raise KeyboardInterrupt()
KeyboardInterrupt

During handling of the above exception, another exception occurred:

Traceback (most recent call last):
  File "C:\Users\Sid\Desktop\MLOps Projects\NoCaptcha_MLops\env\Lib\site-packages\starlette\routing.py", line 700, in lifespan
    await receive()
  File "C:\Users\Sid\Desktop\MLOps Projects\NoCaptcha_MLops\env\Lib\site-packages\uvicorn\lifespan\on.py", line 137, in receive
    return await self.receive_queue.get()
           ^^^^^^^^^^^^^^^^^^^^^^^^^^^^^^
  File "C:\Program Files\WindowsApps\PythonSoftwareFoundation.Python.3.11_3.11.2544.0_x64__qbz5n2kfra8p0\Lib\asyncio\queues.py", line 158, in get
    await getter
asyncio.exceptions.CancelledError
]
[2024-12-07 18:16:04,915: INFO: common: yaml file: config\config.yaml loaded successfully]
[2024-12-07 18:16:04,917: INFO: common: yaml file: params.yaml loaded successfully]
[2024-12-07 18:16:04,918: INFO: common: created directory at: artifacts]
[2024-12-07 18:16:05,321: INFO: server: Started server process [2888]]
[2024-12-07 18:16:05,327: INFO: on: Waiting for application startup.]
[2024-12-07 18:16:05,330: INFO: on: Application startup complete.]
[2024-12-07 18:16:17,939: INFO: common: yaml file: config\config.yaml loaded successfully]
[2024-12-07 18:16:17,943: INFO: common: yaml file: params.yaml loaded successfully]
[2024-12-07 18:16:17,944: INFO: common: created directory at: artifacts]
[2024-12-07 18:17:49,365: WARNING: basereload: WatchFiles detected changes in 'app.py'. Reloading...]
[2024-12-07 18:17:49,427: INFO: server: Shutting down]
[2024-12-07 18:17:49,537: INFO: on: Waiting for application shutdown.]
[2024-12-07 18:17:49,539: INFO: on: Application shutdown complete.]
[2024-12-07 18:17:49,542: INFO: server: Finished server process [2888]]
[2024-12-07 18:17:53,847: INFO: common: yaml file: config\config.yaml loaded successfully]
[2024-12-07 18:17:53,849: INFO: common: yaml file: params.yaml loaded successfully]
[2024-12-07 18:17:53,850: INFO: common: created directory at: artifacts]
[2024-12-07 18:17:54,269: INFO: server: Started server process [16920]]
[2024-12-07 18:17:54,276: INFO: on: Waiting for application startup.]
[2024-12-07 18:17:54,278: INFO: on: Application startup complete.]
[2024-12-07 18:18:10,178: INFO: common: yaml file: config\config.yaml loaded successfully]
[2024-12-07 18:18:10,182: INFO: common: yaml file: params.yaml loaded successfully]
[2024-12-07 18:18:10,183: INFO: common: created directory at: artifacts]
[2024-12-07 18:18:27,181: WARNING: basereload: WatchFiles detected changes in 'app.py'. Reloading...]
[2024-12-07 18:18:27,267: INFO: server: Shutting down]
[2024-12-07 18:18:27,376: INFO: on: Waiting for application shutdown.]
[2024-12-07 18:18:27,377: INFO: on: Application shutdown complete.]
[2024-12-07 18:18:27,380: INFO: server: Finished server process [16920]]
[2024-12-07 18:18:30,270: WARNING: basereload: WatchFiles detected changes in 'app.py'. Reloading...]
[2024-12-07 18:18:31,782: INFO: common: yaml file: config\config.yaml loaded successfully]
[2024-12-07 18:18:31,785: INFO: common: yaml file: params.yaml loaded successfully]
[2024-12-07 18:18:31,785: INFO: common: created directory at: artifacts]
[2024-12-07 18:18:32,226: INFO: server: Started server process [9396]]
[2024-12-07 18:18:32,234: INFO: on: Waiting for application startup.]
[2024-12-07 18:18:32,237: INFO: on: Application startup complete.]
[2024-12-07 18:18:32,246: ERROR: on: Traceback (most recent call last):
  File "C:\Program Files\WindowsApps\PythonSoftwareFoundation.Python.3.11_3.11.2544.0_x64__qbz5n2kfra8p0\Lib\asyncio\runners.py", line 118, in run
    return self._loop.run_until_complete(task)
           ^^^^^^^^^^^^^^^^^^^^^^^^^^^^^^^^^^^
  File "C:\Program Files\WindowsApps\PythonSoftwareFoundation.Python.3.11_3.11.2544.0_x64__qbz5n2kfra8p0\Lib\asyncio\base_events.py", line 654, in run_until_complete
    return future.result()
           ^^^^^^^^^^^^^^^
asyncio.exceptions.CancelledError

During handling of the above exception, another exception occurred:

Traceback (most recent call last):
  File "C:\Program Files\WindowsApps\PythonSoftwareFoundation.Python.3.11_3.11.2544.0_x64__qbz5n2kfra8p0\Lib\asyncio\runners.py", line 190, in run
    return runner.run(main)
           ^^^^^^^^^^^^^^^^
  File "C:\Program Files\WindowsApps\PythonSoftwareFoundation.Python.3.11_3.11.2544.0_x64__qbz5n2kfra8p0\Lib\asyncio\runners.py", line 123, in run
    raise KeyboardInterrupt()
KeyboardInterrupt

During handling of the above exception, another exception occurred:

Traceback (most recent call last):
  File "C:\Users\Sid\Desktop\MLOps Projects\NoCaptcha_MLops\env\Lib\site-packages\starlette\routing.py", line 700, in lifespan
    await receive()
  File "C:\Users\Sid\Desktop\MLOps Projects\NoCaptcha_MLops\env\Lib\site-packages\uvicorn\lifespan\on.py", line 137, in receive
    return await self.receive_queue.get()
           ^^^^^^^^^^^^^^^^^^^^^^^^^^^^^^
  File "C:\Program Files\WindowsApps\PythonSoftwareFoundation.Python.3.11_3.11.2544.0_x64__qbz5n2kfra8p0\Lib\asyncio\queues.py", line 158, in get
    await getter
asyncio.exceptions.CancelledError
]
[2024-12-07 18:18:33,036: WARNING: basereload: WatchFiles detected changes in 'app.py'. Reloading...]
[2024-12-07 18:18:33,530: WARNING: basereload: WatchFiles detected changes in 'app.py'. Reloading...]
[2024-12-07 18:18:34,684: WARNING: basereload: WatchFiles detected changes in 'app.py'. Reloading...]
[2024-12-07 18:18:38,176: WARNING: basereload: WatchFiles detected changes in 'app.py'. Reloading...]
[2024-12-07 18:18:42,654: WARNING: basereload: WatchFiles detected changes in 'app.py'. Reloading...]
[2024-12-07 18:21:57,800: INFO: common: yaml file: config\config.yaml loaded successfully]
[2024-12-07 18:21:57,804: INFO: common: yaml file: params.yaml loaded successfully]
[2024-12-07 18:21:57,807: INFO: common: created directory at: artifacts]
[2024-12-07 18:21:58,005: INFO: config: Will watch for changes in these directories: ['C:\\Users\\Sid\\Desktop\\MLOps Projects\\NoCaptcha_MLops']]
[2024-12-07 18:21:58,011: INFO: config: Uvicorn running on http://127.0.0.1:8000 (Press CTRL+C to quit)]
[2024-12-07 18:21:58,013: INFO: basereload: Started reloader process [2852] using WatchFiles]
[2024-12-07 18:22:03,902: INFO: common: yaml file: config\config.yaml loaded successfully]
[2024-12-07 18:22:03,905: INFO: common: yaml file: params.yaml loaded successfully]
[2024-12-07 18:22:03,906: INFO: common: created directory at: artifacts]
[2024-12-07 18:22:04,192: INFO: server: Started server process [15172]]
[2024-12-07 18:22:04,199: INFO: on: Waiting for application startup.]
[2024-12-07 18:22:04,203: INFO: on: Application startup complete.]
[2024-12-07 18:22:17,143: INFO: common: yaml file: config\config.yaml loaded successfully]
[2024-12-07 18:22:17,146: INFO: common: yaml file: params.yaml loaded successfully]
[2024-12-07 18:22:17,147: INFO: common: created directory at: artifacts]
[2024-12-07 18:22:17,148: INFO: common: created directory at: artifacts/data_ingestion]
[2024-12-07 18:22:18,467: INFO: common: yaml file: config\config.yaml loaded successfully]
[2024-12-07 18:22:18,469: INFO: common: yaml file: params.yaml loaded successfully]
[2024-12-07 18:22:18,470: INFO: common: created directory at: artifacts]
[2024-12-07 18:22:18,594: INFO: common: yaml file: config\config.yaml loaded successfully]
[2024-12-07 18:22:18,597: INFO: common: yaml file: params.yaml loaded successfully]
[2024-12-07 18:22:18,598: INFO: common: created directory at: artifacts]
[2024-12-07 18:26:11,188: INFO: server: Shutting down]
[2024-12-07 18:26:11,299: INFO: on: Waiting for application shutdown.]
[2024-12-07 18:26:11,306: INFO: on: Application shutdown complete.]
[2024-12-07 18:26:11,313: INFO: server: Finished server process [15172]]
[2024-12-07 18:26:13,915: INFO: basereload: Stopping reloader process [2852]]
[2024-12-07 21:28:25,993: INFO: common: yaml file: config\config.yaml loaded successfully]
[2024-12-07 21:28:26,005: INFO: common: yaml file: params.yaml loaded successfully]
[2024-12-07 21:28:26,007: INFO: common: created directory at: artifacts]
[2024-12-07 21:28:26,095: INFO: config: Will watch for changes in these directories: ['C:\\Users\\Sid\\Desktop\\MLOps Projects\\NoCaptcha_MLops']]
[2024-12-07 21:28:26,095: INFO: config: Uvicorn running on http://127.0.0.1:8000 (Press CTRL+C to quit)]
[2024-12-07 21:28:26,096: INFO: basereload: Started reloader process [19028] using WatchFiles]
[2024-12-07 21:28:29,089: INFO: common: yaml file: config\config.yaml loaded successfully]
[2024-12-07 21:28:29,089: INFO: common: yaml file: params.yaml loaded successfully]
[2024-12-07 21:28:29,090: INFO: common: created directory at: artifacts]
[2024-12-07 21:28:29,208: INFO: server: Started server process [18320]]
[2024-12-07 21:28:29,212: INFO: on: Waiting for application startup.]
[2024-12-07 21:28:29,214: INFO: on: Application startup complete.]
[2024-12-07 21:29:30,021: INFO: common: yaml file: config\config.yaml loaded successfully]
[2024-12-07 21:29:30,023: INFO: common: yaml file: params.yaml loaded successfully]
[2024-12-07 21:29:30,023: INFO: common: created directory at: artifacts]
[2024-12-07 21:30:06,617: WARNING: basereload: WatchFiles detected changes in 'src\NoCaptcha_MLOps\components\predict.py'. Reloading...]
[2024-12-07 21:30:06,731: INFO: server: Shutting down]
[2024-12-07 21:30:06,832: INFO: on: Waiting for application shutdown.]
[2024-12-07 21:30:06,833: INFO: on: Application shutdown complete.]
[2024-12-07 21:30:06,833: INFO: server: Finished server process [18320]]
[2024-12-07 21:30:11,636: INFO: common: yaml file: config\config.yaml loaded successfully]
[2024-12-07 21:30:11,637: INFO: common: yaml file: params.yaml loaded successfully]
[2024-12-07 21:30:11,638: INFO: common: created directory at: artifacts]
[2024-12-07 21:30:11,764: INFO: server: Started server process [18112]]
[2024-12-07 21:30:11,767: INFO: on: Waiting for application startup.]
[2024-12-07 21:30:11,767: INFO: on: Application startup complete.]
[2024-12-07 21:31:21,351: INFO: common: yaml file: config\config.yaml loaded successfully]
[2024-12-07 21:31:21,352: INFO: common: yaml file: params.yaml loaded successfully]
[2024-12-07 21:31:21,352: INFO: common: created directory at: artifacts]
[2024-12-07 21:31:21,354: INFO: common: created directory at: artifacts/data_ingestion]
[2024-12-07 21:31:23,395: INFO: common: yaml file: config\config.yaml loaded successfully]
[2024-12-07 21:31:23,396: INFO: common: yaml file: params.yaml loaded successfully]
[2024-12-07 21:31:23,396: INFO: common: created directory at: artifacts]
[2024-12-07 21:31:23,468: INFO: common: yaml file: config\config.yaml loaded successfully]
[2024-12-07 21:31:23,469: INFO: common: yaml file: params.yaml loaded successfully]
[2024-12-07 21:31:23,469: INFO: common: created directory at: artifacts]
[2024-12-07 21:44:57,731: WARNING: basereload: WatchFiles detected changes in 'src\NoCaptcha_MLOps\components\data_training.py'. Reloading...]
[2024-12-07 21:44:57,952: INFO: server: Shutting down]
[2024-12-07 21:44:58,198: INFO: on: Waiting for application shutdown.]
[2024-12-07 21:44:58,262: INFO: on: Application shutdown complete.]
[2024-12-07 21:44:58,290: INFO: server: Finished server process [18112]]
[2024-12-07 21:45:06,319: INFO: common: yaml file: config\config.yaml loaded successfully]
[2024-12-07 21:45:06,322: INFO: common: yaml file: params.yaml loaded successfully]
[2024-12-07 21:45:06,322: INFO: common: created directory at: artifacts]
[2024-12-07 21:45:06,454: INFO: server: Started server process [16508]]
[2024-12-07 21:45:06,457: INFO: on: Waiting for application startup.]
[2024-12-07 21:45:06,458: INFO: on: Application startup complete.]
[2024-12-07 21:45:12,388: WARNING: basereload: WatchFiles detected changes in 'src\NoCaptcha_MLOps\components\data_training.py'. Reloading...]
[2024-12-07 21:45:12,490: INFO: server: Shutting down]
[2024-12-07 21:45:12,592: INFO: on: Waiting for application shutdown.]
[2024-12-07 21:45:12,593: INFO: on: Application shutdown complete.]
[2024-12-07 21:45:12,594: INFO: server: Finished server process [16508]]
[2024-12-07 21:45:15,444: INFO: common: yaml file: config\config.yaml loaded successfully]
[2024-12-07 21:45:15,446: INFO: common: yaml file: params.yaml loaded successfully]
[2024-12-07 21:45:15,446: INFO: common: created directory at: artifacts]
[2024-12-07 21:45:15,562: INFO: server: Started server process [16852]]
[2024-12-07 21:45:15,565: INFO: on: Waiting for application startup.]
[2024-12-07 21:45:15,567: INFO: on: Application startup complete.]
[2024-12-07 21:45:16,705: WARNING: basereload: WatchFiles detected changes in 'src\NoCaptcha_MLOps\components\data_training.py'. Reloading...]
[2024-12-07 21:45:16,774: INFO: server: Shutting down]
[2024-12-07 21:45:16,876: INFO: on: Waiting for application shutdown.]
[2024-12-07 21:45:16,877: INFO: on: Application shutdown complete.]
[2024-12-07 21:45:16,877: INFO: server: Finished server process [16852]]
[2024-12-07 21:45:19,917: INFO: common: yaml file: config\config.yaml loaded successfully]
[2024-12-07 21:45:19,919: INFO: common: yaml file: params.yaml loaded successfully]
[2024-12-07 21:45:19,919: INFO: common: created directory at: artifacts]
[2024-12-07 21:45:20,014: INFO: server: Started server process [16600]]
[2024-12-07 21:45:20,017: INFO: on: Waiting for application startup.]
[2024-12-07 21:45:20,018: INFO: on: Application startup complete.]
[2024-12-07 21:46:05,465: INFO: common: yaml file: config\config.yaml loaded successfully]
[2024-12-07 21:46:05,466: INFO: common: yaml file: params.yaml loaded successfully]
[2024-12-07 21:46:05,466: INFO: common: created directory at: artifacts]
[2024-12-07 21:46:05,520: INFO: config: Will watch for changes in these directories: ['C:\\Users\\Sid\\Desktop\\MLOps Projects\\NoCaptcha_MLops']]
[2024-12-07 21:46:05,522: INFO: config: Uvicorn running on http://127.0.0.1:8000 (Press CTRL+C to quit)]
[2024-12-07 21:46:05,523: INFO: basereload: Started reloader process [12756] using WatchFiles]
[2024-12-07 21:46:08,132: INFO: common: yaml file: config\config.yaml loaded successfully]
[2024-12-07 21:46:08,133: INFO: common: yaml file: params.yaml loaded successfully]
[2024-12-07 21:46:08,133: INFO: common: created directory at: artifacts]
[2024-12-07 21:46:08,236: INFO: server: Started server process [17384]]
[2024-12-07 21:46:08,239: INFO: on: Waiting for application startup.]
[2024-12-07 21:46:08,241: INFO: on: Application startup complete.]
[2024-12-07 21:46:23,647: INFO: common: yaml file: config\config.yaml loaded successfully]
[2024-12-07 21:46:23,651: INFO: common: yaml file: params.yaml loaded successfully]
[2024-12-07 21:46:23,652: INFO: common: created directory at: artifacts]
[2024-12-07 21:46:23,652: INFO: common: created directory at: artifacts/data_ingestion]
[2024-12-07 21:46:25,051: INFO: common: yaml file: config\config.yaml loaded successfully]
[2024-12-07 21:46:25,052: INFO: common: yaml file: params.yaml loaded successfully]
[2024-12-07 21:46:25,054: INFO: common: created directory at: artifacts]
[2024-12-07 21:46:25,141: INFO: common: yaml file: config\config.yaml loaded successfully]
[2024-12-07 21:46:25,144: INFO: common: yaml file: params.yaml loaded successfully]
[2024-12-07 21:46:25,144: INFO: common: created directory at: artifacts]
[2024-12-07 21:47:33,981: INFO: server: Shutting down]
[2024-12-07 21:47:34,084: INFO: on: Waiting for application shutdown.]
[2024-12-07 21:47:34,087: INFO: on: Application shutdown complete.]
[2024-12-07 21:47:34,089: INFO: server: Finished server process [17384]]
[2024-12-07 21:47:35,448: INFO: basereload: Stopping reloader process [12756]]
[2024-12-07 21:48:32,944: INFO: common: yaml file: config\config.yaml loaded successfully]
[2024-12-07 21:48:32,948: INFO: common: yaml file: params.yaml loaded successfully]
[2024-12-07 21:48:32,948: INFO: common: created directory at: artifacts]
[2024-12-07 21:48:32,999: INFO: config: Will watch for changes in these directories: ['C:\\Users\\Sid\\Desktop\\MLOps Projects\\NoCaptcha_MLops']]
[2024-12-07 21:48:33,001: INFO: config: Uvicorn running on http://127.0.0.1:8000 (Press CTRL+C to quit)]
[2024-12-07 21:48:33,001: INFO: basereload: Started reloader process [18744] using WatchFiles]
[2024-12-07 21:48:35,465: INFO: common: yaml file: config\config.yaml loaded successfully]
[2024-12-07 21:48:35,466: INFO: common: yaml file: params.yaml loaded successfully]
[2024-12-07 21:48:35,467: INFO: common: created directory at: artifacts]
[2024-12-07 21:48:35,637: INFO: server: Started server process [9428]]
[2024-12-07 21:48:35,640: INFO: on: Waiting for application startup.]
[2024-12-07 21:48:35,642: INFO: on: Application startup complete.]
[2024-12-07 21:48:47,388: INFO: common: yaml file: config\config.yaml loaded successfully]
[2024-12-07 21:48:47,391: INFO: common: yaml file: params.yaml loaded successfully]
[2024-12-07 21:48:47,391: INFO: common: created directory at: artifacts]
[2024-12-07 21:48:47,392: INFO: common: created directory at: artifacts/data_ingestion]
[2024-12-07 21:48:49,237: INFO: common: yaml file: config\config.yaml loaded successfully]
[2024-12-07 21:48:49,238: INFO: common: yaml file: params.yaml loaded successfully]
[2024-12-07 21:48:49,239: INFO: common: created directory at: artifacts]
[2024-12-07 21:48:49,307: INFO: common: yaml file: config\config.yaml loaded successfully]
[2024-12-07 21:48:49,308: INFO: common: yaml file: params.yaml loaded successfully]
[2024-12-07 21:48:49,309: INFO: common: created directory at: artifacts]
[2024-12-07 21:52:44,791: INFO: common: yaml file: config\config.yaml loaded successfully]
[2024-12-07 21:52:44,801: INFO: common: yaml file: params.yaml loaded successfully]
[2024-12-07 21:52:44,805: INFO: common: created directory at: artifacts]
[2024-12-07 21:52:44,805: INFO: common: created directory at: artifacts/data_ingestion]
[2024-12-07 21:52:46,562: INFO: common: yaml file: config\config.yaml loaded successfully]
[2024-12-07 21:52:46,563: INFO: common: yaml file: params.yaml loaded successfully]
[2024-12-07 21:52:46,563: INFO: common: created directory at: artifacts]
[2024-12-07 21:52:46,691: INFO: common: yaml file: config\config.yaml loaded successfully]
[2024-12-07 21:52:46,692: INFO: common: yaml file: params.yaml loaded successfully]
[2024-12-07 21:52:46,693: INFO: common: created directory at: artifacts]
[2024-12-07 21:53:26,678: INFO: server: Shutting down]
[2024-12-07 21:53:26,782: INFO: on: Waiting for application shutdown.]
[2024-12-07 21:53:26,788: INFO: on: Application shutdown complete.]
[2024-12-07 21:53:26,792: INFO: server: Finished server process [9428]]
[2024-12-07 21:53:27,983: INFO: basereload: Stopping reloader process [18744]]
[2024-12-07 21:53:48,016: INFO: common: yaml file: config\config.yaml loaded successfully]
[2024-12-07 21:53:48,018: INFO: common: yaml file: params.yaml loaded successfully]
[2024-12-07 21:53:48,018: INFO: common: created directory at: artifacts]
[2024-12-07 21:53:48,018: INFO: common: created directory at: artifacts/data_ingestion]
[2024-12-07 21:53:50,167: INFO: common: yaml file: config\config.yaml loaded successfully]
[2024-12-07 21:53:50,168: INFO: common: yaml file: params.yaml loaded successfully]
[2024-12-07 21:53:50,168: INFO: common: created directory at: artifacts]
[2024-12-07 21:53:50,206: INFO: common: yaml file: config\config.yaml loaded successfully]
[2024-12-07 21:53:50,208: INFO: common: yaml file: params.yaml loaded successfully]
[2024-12-07 21:53:50,208: INFO: common: created directory at: artifacts]
[2024-12-07 21:55:21,252: INFO: common: yaml file: config\config.yaml loaded successfully]
[2024-12-07 21:55:21,253: INFO: common: yaml file: params.yaml loaded successfully]
[2024-12-07 21:55:21,254: INFO: common: created directory at: artifacts]
[2024-12-07 21:55:21,254: INFO: common: created directory at: artifacts/data_ingestion]
[2024-12-07 21:55:22,060: INFO: common: yaml file: config\config.yaml loaded successfully]
[2024-12-07 21:55:22,061: INFO: common: yaml file: params.yaml loaded successfully]
[2024-12-07 21:55:22,061: INFO: common: created directory at: artifacts]
[2024-12-07 21:55:22,098: INFO: common: yaml file: config\config.yaml loaded successfully]
[2024-12-07 21:55:22,099: INFO: common: yaml file: params.yaml loaded successfully]
[2024-12-07 21:55:22,100: INFO: common: created directory at: artifacts]
[2024-12-07 21:56:44,731: INFO: common: yaml file: config\config.yaml loaded successfully]
[2024-12-07 21:56:44,732: INFO: common: yaml file: params.yaml loaded successfully]
[2024-12-07 21:56:44,733: INFO: common: created directory at: artifacts]
[2024-12-07 21:56:44,734: INFO: common: created directory at: artifacts/data_ingestion]
[2024-12-07 21:56:48,375: INFO: common: yaml file: config\config.yaml loaded successfully]
[2024-12-07 21:56:48,376: INFO: common: yaml file: params.yaml loaded successfully]
[2024-12-07 21:56:48,377: INFO: common: created directory at: artifacts]
[2024-12-07 21:56:48,414: INFO: common: yaml file: config\config.yaml loaded successfully]
[2024-12-07 21:56:48,415: INFO: common: yaml file: params.yaml loaded successfully]
[2024-12-07 21:56:48,417: INFO: common: created directory at: artifacts]
[2024-12-07 21:59:33,746: INFO: common: yaml file: config\config.yaml loaded successfully]
[2024-12-07 21:59:33,746: INFO: common: yaml file: params.yaml loaded successfully]
[2024-12-07 21:59:33,748: INFO: common: created directory at: artifacts]
[2024-12-07 21:59:33,748: INFO: common: created directory at: artifacts/data_ingestion]
[2024-12-07 21:59:43,339: INFO: common: yaml file: config\config.yaml loaded successfully]
[2024-12-07 21:59:43,340: INFO: common: yaml file: params.yaml loaded successfully]
[2024-12-07 21:59:43,341: INFO: common: created directory at: artifacts]
[2024-12-07 21:59:43,382: INFO: common: yaml file: config\config.yaml loaded successfully]
[2024-12-07 21:59:43,383: INFO: common: yaml file: params.yaml loaded successfully]
[2024-12-07 21:59:43,383: INFO: common: created directory at: artifacts]
[2024-12-07 22:00:42,962: INFO: common: yaml file: config\config.yaml loaded successfully]
[2024-12-07 22:00:42,963: INFO: common: yaml file: params.yaml loaded successfully]
[2024-12-07 22:00:42,963: INFO: common: created directory at: artifacts]
[2024-12-07 22:00:42,964: INFO: common: created directory at: artifacts/data_ingestion]
[2024-12-07 22:00:46,470: INFO: common: yaml file: config\config.yaml loaded successfully]
[2024-12-07 22:00:46,472: INFO: common: yaml file: params.yaml loaded successfully]
[2024-12-07 22:00:46,472: INFO: common: created directory at: artifacts]
[2024-12-07 22:00:46,517: INFO: common: yaml file: config\config.yaml loaded successfully]
[2024-12-07 22:00:46,518: INFO: common: yaml file: params.yaml loaded successfully]
[2024-12-07 22:00:46,518: INFO: common: created directory at: artifacts]
[2024-12-07 22:01:56,318: INFO: common: yaml file: config\config.yaml loaded successfully]
[2024-12-07 22:01:56,319: INFO: common: yaml file: params.yaml loaded successfully]
[2024-12-07 22:01:56,320: INFO: common: created directory at: artifacts]
[2024-12-07 22:01:56,376: INFO: config: Will watch for changes in these directories: ['C:\\Users\\Sid\\Desktop\\MLOps Projects\\NoCaptcha_MLops']]
[2024-12-07 22:01:56,378: INFO: config: Uvicorn running on http://127.0.0.1:8000 (Press CTRL+C to quit)]
[2024-12-07 22:01:56,379: INFO: basereload: Started reloader process [11936] using WatchFiles]
[2024-12-07 22:01:59,244: INFO: common: yaml file: config\config.yaml loaded successfully]
[2024-12-07 22:01:59,246: INFO: common: yaml file: params.yaml loaded successfully]
[2024-12-07 22:01:59,247: INFO: common: created directory at: artifacts]
[2024-12-07 22:01:59,391: INFO: server: Started server process [14560]]
[2024-12-07 22:01:59,395: INFO: on: Waiting for application startup.]
[2024-12-07 22:01:59,396: INFO: on: Application startup complete.]
[2024-12-07 22:02:25,651: INFO: common: yaml file: config\config.yaml loaded successfully]
[2024-12-07 22:02:25,653: INFO: common: yaml file: params.yaml loaded successfully]
[2024-12-07 22:02:25,654: INFO: common: created directory at: artifacts]
[2024-12-07 22:02:25,654: INFO: common: created directory at: artifacts/data_ingestion]
[2024-12-07 22:02:28,959: INFO: common: yaml file: config\config.yaml loaded successfully]
[2024-12-07 22:02:28,961: INFO: common: yaml file: params.yaml loaded successfully]
[2024-12-07 22:02:28,963: INFO: common: created directory at: artifacts]
[2024-12-07 22:02:29,112: INFO: common: yaml file: config\config.yaml loaded successfully]
[2024-12-07 22:02:29,119: INFO: common: yaml file: params.yaml loaded successfully]
[2024-12-07 22:02:29,123: INFO: common: created directory at: artifacts]
[2024-12-07 22:04:28,691: WARNING: basereload: WatchFiles detected changes in 'src\NoCaptcha_MLOps\components\data_preprocessing.py'. Reloading...]
[2024-12-07 22:04:28,817: INFO: server: Shutting down]
[2024-12-07 22:04:28,921: INFO: on: Waiting for application shutdown.]
[2024-12-07 22:04:28,925: INFO: on: Application shutdown complete.]
[2024-12-07 22:04:28,927: INFO: server: Finished server process [14560]]
[2024-12-07 22:04:34,580: INFO: common: yaml file: config\config.yaml loaded successfully]
[2024-12-07 22:04:34,584: INFO: common: yaml file: params.yaml loaded successfully]
[2024-12-07 22:04:34,584: INFO: common: created directory at: artifacts]
[2024-12-07 22:04:34,685: INFO: server: Started server process [18988]]
[2024-12-07 22:04:34,688: INFO: on: Waiting for application startup.]
[2024-12-07 22:04:34,689: INFO: on: Application startup complete.]
[2024-12-07 22:04:40,647: WARNING: basereload: WatchFiles detected changes in 'src\NoCaptcha_MLOps\components\data_preprocessing.py'. Reloading...]
[2024-12-07 22:04:40,724: INFO: server: Shutting down]
[2024-12-07 22:04:40,824: INFO: on: Waiting for application shutdown.]
[2024-12-07 22:04:40,825: INFO: on: Application shutdown complete.]
[2024-12-07 22:04:40,826: INFO: server: Finished server process [18988]]
[2024-12-07 22:04:42,722: WARNING: basereload: WatchFiles detected changes in 'src\NoCaptcha_MLOps\components\data_preprocessing.py'. Reloading...]
[2024-12-07 22:04:44,595: WARNING: basereload: WatchFiles detected changes in 'src\NoCaptcha_MLOps\components\data_preprocessing.py'. Reloading...]
[2024-12-07 22:04:48,162: INFO: basereload: Stopping reloader process [11936]]
[2024-12-07 22:05:10,094: INFO: common: yaml file: config\config.yaml loaded successfully]
[2024-12-07 22:05:10,095: INFO: common: yaml file: params.yaml loaded successfully]
[2024-12-07 22:05:10,096: INFO: common: created directory at: artifacts]
[2024-12-07 22:05:10,096: INFO: common: created directory at: artifacts/data_ingestion]
[2024-12-07 22:05:19,429: INFO: common: yaml file: config\config.yaml loaded successfully]
[2024-12-07 22:05:19,431: INFO: common: yaml file: params.yaml loaded successfully]
[2024-12-07 22:05:19,431: INFO: common: created directory at: artifacts]
[2024-12-07 22:05:19,515: INFO: common: yaml file: config\config.yaml loaded successfully]
[2024-12-07 22:05:19,517: INFO: common: yaml file: params.yaml loaded successfully]
[2024-12-07 22:05:19,517: INFO: common: created directory at: artifacts]
[2024-12-07 22:05:56,663: INFO: common: yaml file: config\config.yaml loaded successfully]
[2024-12-07 22:05:56,666: INFO: common: yaml file: params.yaml loaded successfully]
[2024-12-07 22:05:56,666: INFO: common: created directory at: artifacts]
[2024-12-07 22:05:56,719: INFO: config: Will watch for changes in these directories: ['C:\\Users\\Sid\\Desktop\\MLOps Projects\\NoCaptcha_MLops']]
[2024-12-07 22:05:56,720: INFO: config: Uvicorn running on http://127.0.0.1:8000 (Press CTRL+C to quit)]
[2024-12-07 22:05:56,722: INFO: basereload: Started reloader process [17992] using WatchFiles]
[2024-12-07 22:05:59,084: INFO: common: yaml file: config\config.yaml loaded successfully]
[2024-12-07 22:05:59,086: INFO: common: yaml file: params.yaml loaded successfully]
[2024-12-07 22:05:59,086: INFO: common: created directory at: artifacts]
[2024-12-07 22:05:59,191: INFO: server: Started server process [10008]]
[2024-12-07 22:05:59,193: INFO: on: Waiting for application startup.]
[2024-12-07 22:05:59,195: INFO: on: Application startup complete.]
[2024-12-07 22:13:27,457: INFO: server: Shutting down]
[2024-12-07 22:13:27,638: INFO: on: Waiting for application shutdown.]
[2024-12-07 22:13:27,656: INFO: on: Application shutdown complete.]
[2024-12-07 22:13:27,661: INFO: server: Finished server process [10008]]
[2024-12-07 22:13:28,846: INFO: basereload: Stopping reloader process [17992]]
[2024-12-07 22:15:25,976: INFO: tokens: Removed expired tokens from the token cache]
[2024-12-07 22:15:33,453: INFO: _client: HTTP Request: POST https://dagshub.com/login/oauth/middleman "HTTP/1.1 200 OK"]
[2024-12-07 22:15:34,146: INFO: _client: HTTP Request: POST https://dagshub.com/login/oauth/access_token "HTTP/1.1 200 OK"]
[2024-12-07 22:15:35,198: INFO: _client: HTTP Request: GET https://dagshub.com/api/v1/user "HTTP/1.1 200 OK"]
[2024-12-07 22:15:35,201: INFO: helpers: Accessing as Sidharthareddy99]
[2024-12-07 22:15:35,937: INFO: _client: HTTP Request: GET https://dagshub.com/api/v1/repos/Sidharthareddy99/NoCaptcha_MLops "HTTP/1.1 200 OK"]
[2024-12-07 22:15:36,558: INFO: _client: HTTP Request: GET https://dagshub.com/api/v1/user "HTTP/1.1 200 OK"]
[2024-12-07 22:15:36,560: INFO: helpers: Initialized MLflow to track repo "Sidharthareddy99/NoCaptcha_MLops"]
[2024-12-07 22:15:36,561: INFO: helpers: Repository Sidharthareddy99/NoCaptcha_MLops initialized!]
[2024-12-07 22:15:36,565: INFO: common: yaml file: config\config.yaml loaded successfully]
[2024-12-07 22:15:36,569: INFO: common: yaml file: params.yaml loaded successfully]
[2024-12-07 22:15:36,570: INFO: common: created directory at: artifacts]
[2024-12-07 22:15:36,570: INFO: common: created directory at: artifacts/data_ingestion]
[2024-12-07 22:15:37,389: INFO: common: yaml file: config\config.yaml loaded successfully]
[2024-12-07 22:15:37,391: INFO: common: yaml file: params.yaml loaded successfully]
[2024-12-07 22:15:37,391: INFO: common: created directory at: artifacts]
[2024-12-07 22:15:37,473: INFO: common: yaml file: config\config.yaml loaded successfully]
[2024-12-07 22:15:37,475: INFO: common: yaml file: params.yaml loaded successfully]
[2024-12-07 22:15:37,476: INFO: common: created directory at: artifacts]
[2024-12-07 22:29:58,546: INFO: _client: HTTP Request: GET https://dagshub.com/api/v1/user "HTTP/1.1 200 OK"]
[2024-12-07 22:29:58,554: INFO: helpers: Accessing as Sidharthareddy99]
[2024-12-07 22:29:59,217: INFO: _client: HTTP Request: GET https://dagshub.com/api/v1/repos/Sidharthareddy99/NoCaptcha_MLops "HTTP/1.1 200 OK"]
[2024-12-07 22:29:59,981: INFO: _client: HTTP Request: GET https://dagshub.com/api/v1/user "HTTP/1.1 200 OK"]
[2024-12-07 22:29:59,984: INFO: helpers: Initialized MLflow to track repo "Sidharthareddy99/NoCaptcha_MLops"]
[2024-12-07 22:29:59,986: INFO: helpers: Repository Sidharthareddy99/NoCaptcha_MLops initialized!]
[2024-12-07 22:29:59,991: INFO: common: yaml file: config\config.yaml loaded successfully]
[2024-12-07 22:29:59,994: INFO: common: yaml file: params.yaml loaded successfully]
[2024-12-07 22:29:59,995: INFO: common: created directory at: artifacts]
[2024-12-07 22:29:59,995: INFO: common: created directory at: artifacts/data_ingestion]
[2024-12-07 22:30:11,285: INFO: common: yaml file: config\config.yaml loaded successfully]
[2024-12-07 22:30:11,286: INFO: common: yaml file: params.yaml loaded successfully]
[2024-12-07 22:30:11,287: INFO: common: created directory at: artifacts]
[2024-12-07 22:30:11,365: INFO: common: yaml file: config\config.yaml loaded successfully]
[2024-12-07 22:30:11,366: INFO: common: yaml file: params.yaml loaded successfully]
[2024-12-07 22:30:11,366: INFO: common: created directory at: artifacts]
[2024-12-07 22:35:25,834: INFO: _client: HTTP Request: GET https://dagshub.com/api/v1/user "HTTP/1.1 200 OK"]
[2024-12-07 22:35:26,125: INFO: helpers: Accessing as Sidharthareddy99]
[2024-12-07 22:35:26,812: INFO: _client: HTTP Request: GET https://dagshub.com/api/v1/repos/Sidharthareddy99/NoCaptcha_MLops "HTTP/1.1 200 OK"]
[2024-12-07 22:35:27,493: INFO: _client: HTTP Request: GET https://dagshub.com/api/v1/user "HTTP/1.1 200 OK"]
[2024-12-07 22:35:27,497: INFO: helpers: Initialized MLflow to track repo "Sidharthareddy99/NoCaptcha_MLops"]
[2024-12-07 22:35:27,498: INFO: helpers: Repository Sidharthareddy99/NoCaptcha_MLops initialized!]
[2024-12-07 22:38:58,160: INFO: _client: HTTP Request: GET https://dagshub.com/api/v1/user "HTTP/1.1 200 OK"]
[2024-12-07 22:38:58,166: INFO: helpers: Accessing as Sidharthareddy99]
[2024-12-07 22:38:58,841: INFO: _client: HTTP Request: GET https://dagshub.com/api/v1/repos/Sidharthareddy99/NoCaptcha_MLops "HTTP/1.1 200 OK"]
[2024-12-07 22:38:59,461: INFO: _client: HTTP Request: GET https://dagshub.com/api/v1/user "HTTP/1.1 200 OK"]
[2024-12-07 22:38:59,464: INFO: helpers: Initialized MLflow to track repo "Sidharthareddy99/NoCaptcha_MLops"]
[2024-12-07 22:38:59,465: INFO: helpers: Repository Sidharthareddy99/NoCaptcha_MLops initialized!]
[2024-12-07 22:38:59,470: INFO: common: yaml file: config\config.yaml loaded successfully]
[2024-12-07 22:38:59,473: INFO: common: yaml file: params.yaml loaded successfully]
[2024-12-07 22:38:59,474: INFO: common: created directory at: artifacts]
[2024-12-07 22:39:30,875: INFO: helpers: Client created. Use the name of the repo (NoCaptcha_MLops) as the name of the bucket]
[2024-12-07 22:41:00,847: INFO: _client: HTTP Request: GET https://dagshub.com/api/v1/user "HTTP/1.1 200 OK"]
[2024-12-07 22:41:00,851: INFO: helpers: Accessing as Sidharthareddy99]
[2024-12-07 22:41:01,466: INFO: _client: HTTP Request: GET https://dagshub.com/api/v1/repos/Sidharthareddy99/NoCaptcha_MLops "HTTP/1.1 200 OK"]
[2024-12-07 22:41:02,128: INFO: _client: HTTP Request: GET https://dagshub.com/api/v1/user "HTTP/1.1 200 OK"]
[2024-12-07 22:41:02,130: INFO: helpers: Initialized MLflow to track repo "Sidharthareddy99/NoCaptcha_MLops"]
[2024-12-07 22:41:02,133: INFO: helpers: Repository Sidharthareddy99/NoCaptcha_MLops initialized!]
[2024-12-07 22:41:02,138: INFO: common: yaml file: config\config.yaml loaded successfully]
[2024-12-07 22:41:02,142: INFO: common: yaml file: params.yaml loaded successfully]
[2024-12-07 22:41:02,142: INFO: common: created directory at: artifacts]
[2024-12-07 22:41:32,376: INFO: helpers: Client created. Use the name of the repo (NoCaptcha_MLops) as the name of the bucket]
[2024-12-08 15:37:35,288: INFO: _client: HTTP Request: GET https://dagshub.com/api/v1/user "HTTP/1.1 200 OK"]
[2024-12-08 15:37:35,343: INFO: helpers: Accessing as Sidharthareddy99]
[2024-12-08 15:37:36,565: INFO: _client: HTTP Request: GET https://dagshub.com/api/v1/repos/Sidharthareddy99/NoCaptcha_MLops "HTTP/1.1 200 OK"]
[2024-12-08 15:37:37,585: INFO: _client: HTTP Request: GET https://dagshub.com/api/v1/user "HTTP/1.1 200 OK"]
[2024-12-08 15:37:37,590: INFO: helpers: Initialized MLflow to track repo "Sidharthareddy99/NoCaptcha_MLops"]
[2024-12-08 15:37:37,592: INFO: helpers: Repository Sidharthareddy99/NoCaptcha_MLops initialized!]
[2024-12-08 15:37:37,638: INFO: common: yaml file: config\config.yaml loaded successfully]
[2024-12-08 15:37:37,659: INFO: common: yaml file: params.yaml loaded successfully]
[2024-12-08 15:37:37,661: INFO: common: created directory at: artifacts]
